{"level":"info","message":"Media service is running on port 3003","service":"media-service","timestamp":"2025-10-17T10:36:39.290Z"}
{"level":"error","message":"Mongo connection error The `uri` parameter to `openUri()` must be a string, got \"undefined\". Make sure the first parameter to `mongoose.connect()` or `mongoose.createConnection()` is a string.","service":"media-service","stack":"MongooseError: The `uri` parameter to `openUri()` must be a string, got \"undefined\". Make sure the first parameter to `mongoose.connect()` or `mongoose.createConnection()` is a string.\n    at NativeConnection.createClient (C:\\Users\\HP\\OneDrive\\Documents\\Coding\\NodeJS\\NodeJS_Sangam Mukherjee\\Part-2\\4.Social Media MicroService\\media-service\\node_modules\\mongoose\\lib\\drivers\\node-mongodb-native\\connection.js:237:11)\n    at NativeConnection.openUri (C:\\Users\\HP\\OneDrive\\Documents\\Coding\\NodeJS\\NodeJS_Sangam Mukherjee\\Part-2\\4.Social Media MicroService\\media-service\\node_modules\\mongoose\\lib\\connection.js:1071:34)\n    at Mongoose.connect (C:\\Users\\HP\\OneDrive\\Documents\\Coding\\NodeJS\\NodeJS_Sangam Mukherjee\\Part-2\\4.Social Media MicroService\\media-service\\node_modules\\mongoose\\lib\\mongoose.js:450:15)\n    at Object.<anonymous> (C:\\Users\\HP\\OneDrive\\Documents\\Coding\\NodeJS\\NodeJS_Sangam Mukherjee\\Part-2\\4.Social Media MicroService\\media-service\\src\\server.js:22:4)\n    at Module._compile (node:internal/modules/cjs/loader:1739:14)\n    at Object..js (node:internal/modules/cjs/loader:1904:10)\n    at Module.load (node:internal/modules/cjs/loader:1473:32)\n    at Function._load (node:internal/modules/cjs/loader:1285:12)\n    at TracingChannel.traceSync (node:diagnostics_channel:322:14)\n    at wrapModuleLoad (node:internal/modules/cjs/loader:234:24)","timestamp":"2025-10-17T10:36:39.294Z"}
{"level":"info","message":"Media service is running on port 3003","service":"media-service","timestamp":"2025-10-17T10:37:35.662Z"}
{"level":"error","message":"Mongo connection error The `uri` parameter to `openUri()` must be a string, got \"undefined\". Make sure the first parameter to `mongoose.connect()` or `mongoose.createConnection()` is a string.","service":"media-service","stack":"MongooseError: The `uri` parameter to `openUri()` must be a string, got \"undefined\". Make sure the first parameter to `mongoose.connect()` or `mongoose.createConnection()` is a string.\n    at NativeConnection.createClient (C:\\Users\\HP\\OneDrive\\Documents\\Coding\\NodeJS\\NodeJS_Sangam Mukherjee\\Part-2\\4.Social Media MicroService\\media-service\\node_modules\\mongoose\\lib\\drivers\\node-mongodb-native\\connection.js:237:11)\n    at NativeConnection.openUri (C:\\Users\\HP\\OneDrive\\Documents\\Coding\\NodeJS\\NodeJS_Sangam Mukherjee\\Part-2\\4.Social Media MicroService\\media-service\\node_modules\\mongoose\\lib\\connection.js:1071:34)\n    at Mongoose.connect (C:\\Users\\HP\\OneDrive\\Documents\\Coding\\NodeJS\\NodeJS_Sangam Mukherjee\\Part-2\\4.Social Media MicroService\\media-service\\node_modules\\mongoose\\lib\\mongoose.js:450:15)\n    at Object.<anonymous> (C:\\Users\\HP\\OneDrive\\Documents\\Coding\\NodeJS\\NodeJS_Sangam Mukherjee\\Part-2\\4.Social Media MicroService\\media-service\\src\\server.js:22:4)\n    at Module._compile (node:internal/modules/cjs/loader:1739:14)\n    at Object..js (node:internal/modules/cjs/loader:1904:10)\n    at Module.load (node:internal/modules/cjs/loader:1473:32)\n    at Function._load (node:internal/modules/cjs/loader:1285:12)\n    at TracingChannel.traceSync (node:diagnostics_channel:322:14)\n    at wrapModuleLoad (node:internal/modules/cjs/loader:234:24)","timestamp":"2025-10-17T10:37:35.666Z"}
{"level":"info","message":"Media service is running on port 3003","service":"media-service","timestamp":"2025-10-17T10:38:48.696Z"}
{"level":"error","message":"Mongo connection error The `uri` parameter to `openUri()` must be a string, got \"undefined\". Make sure the first parameter to `mongoose.connect()` or `mongoose.createConnection()` is a string.","service":"media-service","stack":"MongooseError: The `uri` parameter to `openUri()` must be a string, got \"undefined\". Make sure the first parameter to `mongoose.connect()` or `mongoose.createConnection()` is a string.\n    at NativeConnection.createClient (C:\\Users\\HP\\OneDrive\\Documents\\Coding\\NodeJS\\NodeJS_Sangam Mukherjee\\Part-2\\4.Social Media MicroService\\media-service\\node_modules\\mongoose\\lib\\drivers\\node-mongodb-native\\connection.js:237:11)\n    at NativeConnection.openUri (C:\\Users\\HP\\OneDrive\\Documents\\Coding\\NodeJS\\NodeJS_Sangam Mukherjee\\Part-2\\4.Social Media MicroService\\media-service\\node_modules\\mongoose\\lib\\connection.js:1071:34)\n    at Mongoose.connect (C:\\Users\\HP\\OneDrive\\Documents\\Coding\\NodeJS\\NodeJS_Sangam Mukherjee\\Part-2\\4.Social Media MicroService\\media-service\\node_modules\\mongoose\\lib\\mongoose.js:450:15)\n    at Object.<anonymous> (C:\\Users\\HP\\OneDrive\\Documents\\Coding\\NodeJS\\NodeJS_Sangam Mukherjee\\Part-2\\4.Social Media MicroService\\media-service\\src\\server.js:22:4)\n    at Module._compile (node:internal/modules/cjs/loader:1739:14)\n    at Object..js (node:internal/modules/cjs/loader:1904:10)\n    at Module.load (node:internal/modules/cjs/loader:1473:32)\n    at Function._load (node:internal/modules/cjs/loader:1285:12)\n    at TracingChannel.traceSync (node:diagnostics_channel:322:14)\n    at wrapModuleLoad (node:internal/modules/cjs/loader:234:24)","timestamp":"2025-10-17T10:38:48.699Z"}
{"level":"info","message":"Media service is running on port 3003","service":"media-service","timestamp":"2025-10-17T10:40:17.647Z"}
{"level":"info","message":"Connected to mongodb","service":"media-service","timestamp":"2025-10-17T10:40:18.621Z"}
{"level":"info","message":"Received POST request to /api/media/upload","service":"media-service","timestamp":"2025-10-17T10:58:52.449Z"}
{"level":"info","message":"Request body, undefined","service":"media-service","timestamp":"2025-10-17T10:58:52.450Z"}
{"level":"info","message":"Starting media upload","service":"media-service","timestamp":"2025-10-17T10:58:52.460Z"}
{"level":"info","message":"File details: name=1.png, type=image/png","service":"media-service","timestamp":"2025-10-17T10:58:52.461Z"}
{"level":"info","message":"Uploading to cloudinary starting...","service":"media-service","timestamp":"2025-10-17T10:58:52.462Z"}
{"http_code":400,"level":"error","message":"Empty file","name":"Error","service":"media-service","timestamp":"2025-10-17T10:58:54.881Z"}
{"0":"r","1":"e","2":"a","3":"s","4":"o","5":"n","exception":{"http_code":400,"message":"Empty file","name":"Error"},"http_code":400,"level":"error","message":"Empty file","name":"Error","service":"media-service","timestamp":"2025-10-17T10:58:54.882Z"}
{"http_code":400,"level":"error","message":"Empty file","name":"Error","service":"media-service","timestamp":"2025-10-17T10:58:54.882Z"}
{"level":"info","message":"Media service is running on port 3003","service":"media-service","timestamp":"2025-10-17T11:01:26.522Z"}
{"level":"info","message":"Connected to mongodb","service":"media-service","timestamp":"2025-10-17T11:01:27.518Z"}
{"level":"info","message":"Media service is running on port 3003","service":"media-service","timestamp":"2025-10-17T11:01:50.307Z"}
{"level":"info","message":"Connected to mongodb","service":"media-service","timestamp":"2025-10-17T11:01:51.331Z"}
{"level":"info","message":"Received POST request to /api/media/upload","service":"media-service","timestamp":"2025-10-17T11:01:59.465Z"}
{"level":"info","message":"Request body, undefined","service":"media-service","timestamp":"2025-10-17T11:01:59.466Z"}
{"level":"info","message":"Starting media upload","service":"media-service","timestamp":"2025-10-17T11:01:59.474Z"}
{"level":"info","message":"File details: name=1.png, type=image/png","service":"media-service","timestamp":"2025-10-17T11:01:59.475Z"}
{"level":"info","message":"Uploading to cloudinary starting...","service":"media-service","timestamp":"2025-10-17T11:01:59.476Z"}
{"level":"error","message":"Error creating media Error while uploading to cloudinary","service":"media-service","stack":"Error: Error while uploading to cloudinary\n    at uploadMediaToCloudinary (C:\\Users\\HP\\OneDrive\\Documents\\Coding\\NodeJS\\NodeJS_Sangam Mukherjee\\Part-2\\4.Social Media MicroService\\media-service\\src\\utils\\cloudinary.js:43:15)\n    at uploadMedia (C:\\Users\\HP\\OneDrive\\Documents\\Coding\\NodeJS\\NodeJS_Sangam Mukherjee\\Part-2\\4.Social Media MicroService\\media-service\\src\\controllers\\media-controller.js:24:42)\n    at Layer.handleRequest (C:\\Users\\HP\\OneDrive\\Documents\\Coding\\NodeJS\\NodeJS_Sangam Mukherjee\\Part-2\\4.Social Media MicroService\\media-service\\node_modules\\router\\lib\\layer.js:152:17)\n    at next (C:\\Users\\HP\\OneDrive\\Documents\\Coding\\NodeJS\\NodeJS_Sangam Mukherjee\\Part-2\\4.Social Media MicroService\\media-service\\node_modules\\router\\lib\\route.js:157:13)\n    at done (C:\\Users\\HP\\OneDrive\\Documents\\Coding\\NodeJS\\NodeJS_Sangam Mukherjee\\Part-2\\4.Social Media MicroService\\media-service\\node_modules\\multer\\lib\\make-middleware.js:59:7)\n    at indicateDone (C:\\Users\\HP\\OneDrive\\Documents\\Coding\\NodeJS\\NodeJS_Sangam Mukherjee\\Part-2\\4.Social Media MicroService\\media-service\\node_modules\\multer\\lib\\make-middleware.js:63:68)\n    at C:\\Users\\HP\\OneDrive\\Documents\\Coding\\NodeJS\\NodeJS_Sangam Mukherjee\\Part-2\\4.Social Media MicroService\\media-service\\node_modules\\multer\\lib\\make-middleware.js:176:11\n    at WriteStream.<anonymous> (C:\\Users\\HP\\OneDrive\\Documents\\Coding\\NodeJS\\NodeJS_Sangam Mukherjee\\Part-2\\4.Social Media MicroService\\media-service\\node_modules\\multer\\storage\\disk.js:43:9)\n    at WriteStream.emit (node:events:519:35)\n    at finish (node:internal/streams/writable:953:10)","timestamp":"2025-10-17T11:01:59.480Z"}
{"level":"info","message":"Media service is running on port 3003","service":"media-service","timestamp":"2025-10-17T11:07:47.941Z"}
{"level":"info","message":"Media service is running on port 3003","service":"media-service","timestamp":"2025-10-17T11:07:48.784Z"}
{"level":"info","message":"Connected to mongodb","service":"media-service","timestamp":"2025-10-17T11:07:49.776Z"}
{"level":"info","message":"Media service is running on port 3003","service":"media-service","timestamp":"2025-10-17T11:07:56.456Z"}
{"level":"info","message":"Media service is running on port 3003","service":"media-service","timestamp":"2025-10-17T11:07:58.636Z"}
{"level":"info","message":"Connected to mongodb","service":"media-service","timestamp":"2025-10-17T11:07:59.618Z"}
{"level":"info","message":"Media service is running on port 3003","service":"media-service","timestamp":"2025-10-17T11:08:00.985Z"}
{"level":"info","message":"Media service is running on port 3003","service":"media-service","timestamp":"2025-10-17T11:08:03.345Z"}
{"level":"info","message":"Media service is running on port 3003","service":"media-service","timestamp":"2025-10-17T11:08:04.923Z"}
{"level":"info","message":"Connected to mongodb","service":"media-service","timestamp":"2025-10-17T11:08:05.903Z"}
{"level":"info","message":"Media service is running on port 3003","service":"media-service","timestamp":"2025-10-17T11:08:07.249Z"}
{"level":"info","message":"Connected to mongodb","service":"media-service","timestamp":"2025-10-17T11:08:08.284Z"}
{"level":"info","message":"Media service is running on port 3003","service":"media-service","timestamp":"2025-10-17T11:08:12.249Z"}
{"level":"info","message":"Media service is running on port 3003","service":"media-service","timestamp":"2025-10-17T11:08:14.336Z"}
{"level":"info","message":"Media service is running on port 3003","service":"media-service","timestamp":"2025-10-17T11:08:15.566Z"}
{"level":"info","message":"Media service is running on port 3003","service":"media-service","timestamp":"2025-10-17T11:08:16.263Z"}
{"level":"info","message":"Connected to mongodb","service":"media-service","timestamp":"2025-10-17T11:08:17.246Z"}
{"level":"info","message":"Media service is running on port 3003","service":"media-service","timestamp":"2025-10-17T11:08:18.823Z"}
{"level":"info","message":"Media service is running on port 3003","service":"media-service","timestamp":"2025-10-17T11:08:21.149Z"}
{"level":"info","message":"Media service is running on port 3003","service":"media-service","timestamp":"2025-10-17T11:08:25.685Z"}
{"level":"info","message":"Media service is running on port 3003","service":"media-service","timestamp":"2025-10-17T11:08:26.723Z"}
{"level":"info","message":"Connected to mongodb","service":"media-service","timestamp":"2025-10-17T11:08:27.733Z"}
{"level":"info","message":"Media service is running on port 3003","service":"media-service","timestamp":"2025-10-17T11:08:31.023Z"}
{"level":"info","message":"Media service is running on port 3003","service":"media-service","timestamp":"2025-10-17T11:08:35.179Z"}
{"level":"info","message":"Connected to mongodb","service":"media-service","timestamp":"2025-10-17T11:08:36.196Z"}
{"level":"info","message":"Media service is running on port 3003","service":"media-service","timestamp":"2025-10-17T11:08:38.096Z"}
{"level":"info","message":"Connected to mongodb","service":"media-service","timestamp":"2025-10-17T11:08:39.106Z"}
{"level":"info","message":"Media service is running on port 3003","service":"media-service","timestamp":"2025-10-17T11:09:44.353Z"}
{"level":"info","message":"Connected to mongodb","service":"media-service","timestamp":"2025-10-17T11:09:45.350Z"}
{"level":"info","message":"Media service is running on port 3003","service":"media-service","timestamp":"2025-10-17T11:09:52.202Z"}
{"level":"info","message":"Connected to mongodb","service":"media-service","timestamp":"2025-10-17T11:09:53.258Z"}
{"level":"info","message":"Media service is running on port 3003","service":"media-service","timestamp":"2025-10-17T11:10:10.444Z"}
{"level":"info","message":"Connected to mongodb","service":"media-service","timestamp":"2025-10-17T11:10:11.519Z"}
{"level":"info","message":"Media service is running on port 3003","service":"media-service","timestamp":"2025-10-17T11:10:17.769Z"}
{"level":"info","message":"Connected to mongodb","service":"media-service","timestamp":"2025-10-17T11:10:18.763Z"}
{"level":"info","message":"Media service is running on port 3003","service":"media-service","timestamp":"2025-10-17T11:10:20.414Z"}
{"level":"info","message":"Media service is running on port 3003","service":"media-service","timestamp":"2025-10-17T11:10:21.178Z"}
{"level":"info","message":"Media service is running on port 3003","service":"media-service","timestamp":"2025-10-17T11:10:22.198Z"}
{"level":"info","message":"Media service is running on port 3003","service":"media-service","timestamp":"2025-10-17T11:10:23.197Z"}
{"level":"info","message":"Connected to mongodb","service":"media-service","timestamp":"2025-10-17T11:10:24.186Z"}
{"level":"info","message":"Media service is running on port 3003","service":"media-service","timestamp":"2025-10-17T11:10:25.595Z"}
{"level":"info","message":"Media service is running on port 3003","service":"media-service","timestamp":"2025-10-17T11:10:26.908Z"}
{"level":"info","message":"Connected to mongodb","service":"media-service","timestamp":"2025-10-17T11:10:27.958Z"}
{"level":"info","message":"Media service is running on port 3003","service":"media-service","timestamp":"2025-10-17T11:10:29.139Z"}
{"level":"info","message":"Connected to mongodb","service":"media-service","timestamp":"2025-10-17T11:10:30.132Z"}
{"level":"info","message":"Media service is running on port 3003","service":"media-service","timestamp":"2025-10-17T11:10:36.302Z"}
{"level":"info","message":"Connected to mongodb","service":"media-service","timestamp":"2025-10-17T11:10:37.235Z"}
{"level":"info","message":"Received POST request to /api/media/upload","service":"media-service","timestamp":"2025-10-17T11:10:39.601Z"}
{"level":"info","message":"Request body, undefined","service":"media-service","timestamp":"2025-10-17T11:10:39.602Z"}
{"level":"info","message":"Starting media upload","service":"media-service","timestamp":"2025-10-17T11:10:39.614Z"}
{"level":"info","message":"File details: name=1.png, type=image/png","service":"media-service","timestamp":"2025-10-17T11:10:39.615Z"}
{"level":"info","message":"Uploading to cloudinary starting...","service":"media-service","timestamp":"2025-10-17T11:10:39.616Z"}
{"level":"error","message":"Error creating media Cannot read properties of undefined (reading 'public_id')","service":"media-service","stack":"TypeError: Cannot read properties of undefined (reading 'public_id')\n    at uploadMedia (C:\\Users\\HP\\OneDrive\\Documents\\Coding\\NodeJS\\NodeJS_Sangam Mukherjee\\Part-2\\4.Social Media MicroService\\media-service\\src\\controllers\\media-controller.js:26:78)\n    at process.processTicksAndRejections (node:internal/process/task_queues:105:5)","timestamp":"2025-10-17T11:10:39.616Z"}
{"level":"info","message":"Media service is running on port 3003","service":"media-service","timestamp":"2025-10-17T11:10:55.589Z"}
{"level":"info","message":"Connected to mongodb","service":"media-service","timestamp":"2025-10-17T11:10:56.953Z"}
{"level":"info","message":"Received POST request to /api/media/upload","service":"media-service","timestamp":"2025-10-17T11:10:57.835Z"}
{"level":"info","message":"Request body, undefined","service":"media-service","timestamp":"2025-10-17T11:10:57.836Z"}
{"level":"info","message":"Starting media upload","service":"media-service","timestamp":"2025-10-17T11:10:57.853Z"}
{"level":"info","message":"File details: name=1.png, type=image/png","service":"media-service","timestamp":"2025-10-17T11:10:57.854Z"}
{"level":"info","message":"Uploading to cloudinary starting...","service":"media-service","timestamp":"2025-10-17T11:10:57.855Z"}
{"level":"error","message":"Error creating media Cannot read properties of undefined (reading 'public_id')","service":"media-service","stack":"TypeError: Cannot read properties of undefined (reading 'public_id')\n    at uploadMedia (C:\\Users\\HP\\OneDrive\\Documents\\Coding\\NodeJS\\NodeJS_Sangam Mukherjee\\Part-2\\4.Social Media MicroService\\media-service\\src\\controllers\\media-controller.js:26:78)\n    at process.processTicksAndRejections (node:internal/process/task_queues:105:5)","timestamp":"2025-10-17T11:10:57.855Z"}
{"level":"info","message":"Media service is running on port 3003","service":"media-service","timestamp":"2025-10-17T11:11:09.989Z"}
{"level":"info","message":"Media service is running on port 3003","service":"media-service","timestamp":"2025-10-17T11:11:11.163Z"}
{"level":"info","message":"Connected to mongodb","service":"media-service","timestamp":"2025-10-17T11:11:12.139Z"}
{"level":"info","message":"Received POST request to /api/media/upload","service":"media-service","timestamp":"2025-10-17T11:11:17.435Z"}
{"level":"info","message":"Request body, undefined","service":"media-service","timestamp":"2025-10-17T11:11:17.435Z"}
{"level":"info","message":"Starting media upload","service":"media-service","timestamp":"2025-10-17T11:11:17.451Z"}
{"level":"info","message":"File details: name=1.png, type=image/png","service":"media-service","timestamp":"2025-10-17T11:11:17.452Z"}
{"level":"info","message":"Uploading to cloudinary starting...","service":"media-service","timestamp":"2025-10-17T11:11:17.452Z"}
{"level":"error","message":"Error creating media Cannot read properties of undefined (reading 'public_id')","service":"media-service","stack":"TypeError: Cannot read properties of undefined (reading 'public_id')\n    at uploadMedia (C:\\Users\\HP\\OneDrive\\Documents\\Coding\\NodeJS\\NodeJS_Sangam Mukherjee\\Part-2\\4.Social Media MicroService\\media-service\\src\\controllers\\media-controller.js:26:78)\n    at process.processTicksAndRejections (node:internal/process/task_queues:105:5)","timestamp":"2025-10-17T11:11:17.453Z"}
{"level":"info","message":"Media service is running on port 3003","service":"media-service","timestamp":"2025-10-17T11:12:52.224Z"}
{"level":"info","message":"Connected to mongodb","service":"media-service","timestamp":"2025-10-17T11:12:53.276Z"}
{"level":"info","message":"Received POST request to /api/media/upload","service":"media-service","timestamp":"2025-10-17T11:12:53.284Z"}
{"level":"info","message":"Request body, undefined","service":"media-service","timestamp":"2025-10-17T11:12:53.286Z"}
{"level":"info","message":"Starting media upload","service":"media-service","timestamp":"2025-10-17T11:12:53.304Z"}
{"level":"info","message":"File details: name=1.png, type=image/png","service":"media-service","timestamp":"2025-10-17T11:12:53.306Z"}
{"level":"info","message":"Uploading to cloudinary starting...","service":"media-service","timestamp":"2025-10-17T11:12:53.307Z"}
{"level":"info","message":"Cloudinary upload successfully. Public Id: - media-service/axpalsywqgnpnclo9yed","service":"media-service","timestamp":"2025-10-17T11:12:57.083Z"}
{"level":"info","message":"Media service is running on port 3003","service":"media-service","timestamp":"2025-10-17T11:13:18.555Z"}
{"level":"info","message":"Media service is running on port 3003","service":"media-service","timestamp":"2025-10-17T11:13:19.836Z"}
{"level":"info","message":"Media service is running on port 3003","service":"media-service","timestamp":"2025-10-17T11:13:20.903Z"}
{"level":"info","message":"Media service is running on port 3003","service":"media-service","timestamp":"2025-10-17T11:13:22.131Z"}
{"level":"info","message":"Connected to mongodb","service":"media-service","timestamp":"2025-10-17T11:13:23.053Z"}
{"level":"info","message":"Media service is running on port 3003","service":"media-service","timestamp":"2025-10-17T11:13:25.899Z"}
{"level":"info","message":"Connected to mongodb","service":"media-service","timestamp":"2025-10-17T11:13:26.869Z"}
{"level":"info","message":"Media service is running on port 3003","service":"media-service","timestamp":"2025-10-17T11:13:27.999Z"}
{"level":"info","message":"Connected to mongodb","service":"media-service","timestamp":"2025-10-17T11:13:28.986Z"}
{"level":"info","message":"Media service is running on port 3003","service":"media-service","timestamp":"2025-10-17T11:13:29.680Z"}
{"level":"info","message":"Media service is running on port 3003","service":"media-service","timestamp":"2025-10-17T11:13:30.914Z"}
{"level":"info","message":"Connected to mongodb","service":"media-service","timestamp":"2025-10-17T11:13:31.889Z"}
{"level":"info","message":"Media service is running on port 3003","service":"media-service","timestamp":"2025-10-17T11:13:32.910Z"}
{"level":"info","message":"Connected to mongodb","service":"media-service","timestamp":"2025-10-17T11:13:33.890Z"}
{"level":"info","message":"Media service is running on port 3003","service":"media-service","timestamp":"2025-10-17T11:13:36.542Z"}
{"level":"info","message":"Media service is running on port 3003","service":"media-service","timestamp":"2025-10-17T11:13:37.636Z"}
{"level":"info","message":"Media service is running on port 3003","service":"media-service","timestamp":"2025-10-17T11:13:39.224Z"}
{"level":"info","message":"Media service is running on port 3003","service":"media-service","timestamp":"2025-10-17T11:13:40.406Z"}
{"level":"info","message":"Connected to mongodb","service":"media-service","timestamp":"2025-10-17T11:13:41.365Z"}
{"level":"info","message":"Media service is running on port 3003","service":"media-service","timestamp":"2025-10-17T16:15:48.743Z"}
{"level":"info","message":"Connected to mongodb","service":"media-service","timestamp":"2025-10-17T16:15:49.701Z"}
{"level":"info","message":"Received POST request to /api/media/upload","service":"media-service","timestamp":"2025-10-17T16:16:21.277Z"}
{"level":"info","message":"Request body, undefined","service":"media-service","timestamp":"2025-10-17T16:16:21.278Z"}
{"level":"info","message":"Starting media upload","service":"media-service","timestamp":"2025-10-17T16:16:21.288Z"}
{"level":"info","message":"File details: name=1.png, type=image/png","service":"media-service","timestamp":"2025-10-17T16:16:21.290Z"}
{"level":"info","message":"Uploading to cloudinary starting...","service":"media-service","timestamp":"2025-10-17T16:16:21.290Z"}
{"level":"info","message":"Cloudinary upload successfully. Public Id: - media-service/fryc5vvqgw0jcxfgglws","service":"media-service","timestamp":"2025-10-17T16:16:25.518Z"}
{"level":"info","message":"Media service is running on port 3003","service":"media-service","timestamp":"2025-10-17T16:17:39.173Z"}
{"level":"info","message":"Media service is running on port 3003","service":"media-service","timestamp":"2025-10-17T16:17:42.820Z"}
{"level":"info","message":"Media service is running on port 3003","service":"media-service","timestamp":"2025-10-17T16:17:44.509Z"}
{"level":"info","message":"Media service is running on port 3003","service":"media-service","timestamp":"2025-10-17T16:17:45.863Z"}
{"level":"info","message":"Media service is running on port 3003","service":"media-service","timestamp":"2025-10-17T16:17:47.523Z"}
{"level":"info","message":"Media service is running on port 3003","service":"media-service","timestamp":"2025-10-17T16:17:49.134Z"}
{"level":"info","message":"Media service is running on port 3003","service":"media-service","timestamp":"2025-10-17T16:17:49.979Z"}
{"level":"info","message":"Connected to mongodb","service":"media-service","timestamp":"2025-10-17T16:17:51.019Z"}
{"level":"info","message":"Media service is running on port 3003","service":"media-service","timestamp":"2025-10-17T16:17:53.019Z"}
{"level":"info","message":"Media service is running on port 3003","service":"media-service","timestamp":"2025-10-17T16:17:53.777Z"}
{"level":"info","message":"Media service is running on port 3003","service":"media-service","timestamp":"2025-10-17T16:17:55.420Z"}
{"level":"info","message":"Connected to mongodb","service":"media-service","timestamp":"2025-10-17T16:17:56.398Z"}
{"level":"info","message":"Media service is running on port 3003","service":"media-service","timestamp":"2025-10-17T16:18:34.490Z"}
{"level":"info","message":"Connected to mongodb","service":"media-service","timestamp":"2025-10-17T16:18:35.638Z"}
{"level":"info","message":"Media service is running on port 3003","service":"media-service","timestamp":"2025-10-17T16:18:41.238Z"}
{"level":"info","message":"Connected to mongodb","service":"media-service","timestamp":"2025-10-17T16:18:42.305Z"}
{"level":"info","message":"Media service is running on port 3003","service":"media-service","timestamp":"2025-10-17T16:18:46.816Z"}
{"level":"info","message":"Media service is running on port 3003","service":"media-service","timestamp":"2025-10-17T16:18:47.769Z"}
{"level":"info","message":"Connected to mongodb","service":"media-service","timestamp":"2025-10-17T16:18:48.808Z"}
{"level":"info","message":"Media service is running on port 3003","service":"media-service","timestamp":"2025-10-17T16:18:49.584Z"}
{"level":"info","message":"Media service is running on port 3003","service":"media-service","timestamp":"2025-10-17T16:18:50.373Z"}
{"level":"info","message":"Media service is running on port 3003","service":"media-service","timestamp":"2025-10-17T16:18:51.268Z"}
{"level":"info","message":"Connected to mongodb","service":"media-service","timestamp":"2025-10-17T16:18:52.314Z"}
{"level":"info","message":"Media service is running on port 3003","service":"media-service","timestamp":"2025-10-17T16:18:53.024Z"}
{"level":"info","message":"Media service is running on port 3003","service":"media-service","timestamp":"2025-10-17T16:18:54.441Z"}
{"level":"info","message":"Media service is running on port 3003","service":"media-service","timestamp":"2025-10-17T16:18:55.779Z"}
{"level":"info","message":"Connected to mongodb","service":"media-service","timestamp":"2025-10-17T16:18:56.782Z"}
{"level":"info","message":"Media service is running on port 3003","service":"media-service","timestamp":"2025-10-17T16:19:01.467Z"}
{"level":"info","message":"Connected to mongodb","service":"media-service","timestamp":"2025-10-17T16:19:02.459Z"}
{"level":"info","message":"Media service is running on port 3003","service":"media-service","timestamp":"2025-10-17T16:24:28.062Z"}
{"level":"info","message":"Connected to mongodb","service":"media-service","timestamp":"2025-10-17T16:24:29.024Z"}
{"level":"info","message":"Media service is running on port 3003","service":"media-service","timestamp":"2025-10-17T16:24:32.368Z"}
{"level":"info","message":"Media service is running on port 3003","service":"media-service","timestamp":"2025-10-17T16:24:33.503Z"}
{"level":"info","message":"Media service is running on port 3003","service":"media-service","timestamp":"2025-10-17T16:24:34.265Z"}
{"level":"info","message":"Media service is running on port 3003","service":"media-service","timestamp":"2025-10-17T16:24:35.259Z"}
{"level":"info","message":"Media service is running on port 3003","service":"media-service","timestamp":"2025-10-17T16:24:36.270Z"}
{"level":"info","message":"Media service is running on port 3003","service":"media-service","timestamp":"2025-10-17T16:24:37.114Z"}
{"level":"info","message":"Media service is running on port 3003","service":"media-service","timestamp":"2025-10-17T16:24:38.735Z"}
{"level":"info","message":"Media service is running on port 3003","service":"media-service","timestamp":"2025-10-17T16:24:39.713Z"}
{"level":"info","message":"Media service is running on port 3003","service":"media-service","timestamp":"2025-10-17T16:24:41.777Z"}
{"level":"info","message":"Media service is running on port 3003","service":"media-service","timestamp":"2025-10-17T16:24:42.705Z"}
{"level":"info","message":"Media service is running on port 3003","service":"media-service","timestamp":"2025-10-17T16:24:43.552Z"}
{"level":"info","message":"Media service is running on port 3003","service":"media-service","timestamp":"2025-10-17T16:24:44.411Z"}
{"level":"info","message":"Connected to mongodb","service":"media-service","timestamp":"2025-10-17T16:24:45.380Z"}
{"level":"info","message":"Media service is running on port 3003","service":"media-service","timestamp":"2025-10-17T16:24:48.445Z"}
{"level":"info","message":"Connected to mongodb","service":"media-service","timestamp":"2025-10-17T16:24:49.428Z"}
{"level":"info","message":"Media service is running on port 3003","service":"media-service","timestamp":"2025-10-17T16:24:51.357Z"}
{"level":"info","message":"Connected to mongodb","service":"media-service","timestamp":"2025-10-17T16:24:52.354Z"}
{"level":"info","message":"Media service is running on port 3003","service":"media-service","timestamp":"2025-10-17T16:34:52.307Z"}
{"level":"info","message":"Connected to mongodb","service":"media-service","timestamp":"2025-10-17T16:34:53.310Z"}
{"level":"info","message":"Media service is running on port 3003","service":"media-service","timestamp":"2025-10-17T16:34:59.148Z"}
{"level":"info","message":"Connected to mongodb","service":"media-service","timestamp":"2025-10-17T16:35:00.201Z"}
{"level":"info","message":"Media service is running on port 3003","service":"media-service","timestamp":"2025-10-17T16:35:01.598Z"}
{"level":"info","message":"Connected to mongodb","service":"media-service","timestamp":"2025-10-17T16:35:02.575Z"}
{"level":"info","message":"Media service is running on port 3003","service":"media-service","timestamp":"2025-10-17T16:35:15.626Z"}
{"level":"info","message":"Media service is running on port 3003","service":"media-service","timestamp":"2025-10-17T16:35:25.090Z"}
{"level":"info","message":"Media service is running on port 3003","service":"media-service","timestamp":"2025-10-17T16:35:26.150Z"}
{"level":"info","message":"Media service is running on port 3003","service":"media-service","timestamp":"2025-10-17T16:35:27.044Z"}
{"level":"info","message":"Media service is running on port 3003","service":"media-service","timestamp":"2025-10-17T16:35:28.172Z"}
{"level":"info","message":"Media service is running on port 3003","service":"media-service","timestamp":"2025-10-17T16:35:31.231Z"}
{"level":"info","message":"Connected to mongodb","service":"media-service","timestamp":"2025-10-17T16:35:32.240Z"}
{"level":"info","message":"Received POST request to /api/media/68f26bd9740f2954615c36c2","service":"media-service","timestamp":"2025-10-17T16:36:21.194Z"}
{"level":"info","message":"Request body, undefined","service":"media-service","timestamp":"2025-10-17T16:36:21.194Z"}
{"level":"info","message":"Media service is running on port 3003","service":"media-service","timestamp":"2025-10-17T16:36:37.244Z"}
{"level":"info","message":"Media service is running on port 3003","service":"media-service","timestamp":"2025-10-17T16:36:37.959Z"}
{"level":"info","message":"Connected to mongodb","service":"media-service","timestamp":"2025-10-17T16:36:38.983Z"}
{"level":"info","message":"Media service is running on port 3003","service":"media-service","timestamp":"2025-10-17T16:36:45.336Z"}
{"level":"info","message":"Media service is running on port 3003","service":"media-service","timestamp":"2025-10-17T16:36:46.554Z"}
{"level":"info","message":"Connected to mongodb","service":"media-service","timestamp":"2025-10-17T16:36:47.571Z"}
{"level":"info","message":"Media service is running on port 3003","service":"media-service","timestamp":"2025-10-17T16:37:20.415Z"}
{"level":"info","message":"Media service is running on port 3003","service":"media-service","timestamp":"2025-10-17T16:37:21.250Z"}
{"level":"info","message":"Connected to mongodb","service":"media-service","timestamp":"2025-10-17T16:37:22.278Z"}
{"level":"info","message":"Media service is running on port 3003","service":"media-service","timestamp":"2025-10-17T16:38:10.201Z"}
{"level":"info","message":"Connected to mongodb","service":"media-service","timestamp":"2025-10-17T16:38:11.151Z"}
{"level":"info","message":"Received DELETE request to /api/media/68f26bd9740f2954615c36c2","service":"media-service","timestamp":"2025-10-17T16:38:14.230Z"}
{"level":"info","message":"Request body, undefined","service":"media-service","timestamp":"2025-10-17T16:38:14.230Z"}
{"level":"info","message":"Media service is running on port 3003","service":"media-service","timestamp":"2025-10-17T16:39:03.321Z"}
{"level":"info","message":"Connected to mongodb","service":"media-service","timestamp":"2025-10-17T16:39:04.358Z"}
{"level":"info","message":"Received POST request to /api/media/upload","service":"media-service","timestamp":"2025-10-17T16:39:04.747Z"}
{"level":"info","message":"Request body, undefined","service":"media-service","timestamp":"2025-10-17T16:39:04.747Z"}
{"level":"info","message":"Starting media upload","service":"media-service","timestamp":"2025-10-17T16:39:04.757Z"}
{"level":"info","message":"File details: name=1.png, type=image/png","service":"media-service","timestamp":"2025-10-17T16:39:04.758Z"}
{"level":"info","message":"Uploading to cloudinary starting...","service":"media-service","timestamp":"2025-10-17T16:39:04.758Z"}
{"level":"info","message":"Cloudinary upload successfully. Public Id: - media-service/i2gbgjcu7lh937poyvlq","service":"media-service","timestamp":"2025-10-17T16:39:08.862Z"}
{"level":"info","message":"Received DELETE request to /api/media/68f26bd9740f2954615c36c2","service":"media-service","timestamp":"2025-10-17T16:39:14.293Z"}
{"level":"info","message":"Request body, undefined","service":"media-service","timestamp":"2025-10-17T16:39:14.293Z"}
{"level":"info","message":"Media service is running on port 3003","service":"media-service","timestamp":"2025-10-17T16:39:29.581Z"}
{"level":"info","message":"Connected to mongodb","service":"media-service","timestamp":"2025-10-17T16:39:30.590Z"}
{"level":"info","message":"Received DELETE request to /api/media/68f26bd9740f2954615c36c2","service":"media-service","timestamp":"2025-10-17T16:39:30.996Z"}
{"level":"info","message":"Request body, undefined","service":"media-service","timestamp":"2025-10-17T16:39:30.997Z"}
{"level":"info","message":"Media service is running on port 3003","service":"media-service","timestamp":"2025-10-17T16:39:57.317Z"}
{"level":"info","message":"Connected to mongodb","service":"media-service","timestamp":"2025-10-17T16:39:58.318Z"}
{"level":"info","message":"Media service is running on port 3003","service":"media-service","timestamp":"2025-10-17T16:40:01.050Z"}
{"level":"info","message":"Connected to mongodb","service":"media-service","timestamp":"2025-10-17T16:40:02.040Z"}
{"level":"info","message":"Media service is running on port 3003","service":"media-service","timestamp":"2025-10-17T16:40:09.545Z"}
{"level":"info","message":"Connected to mongodb","service":"media-service","timestamp":"2025-10-17T16:40:10.503Z"}
{"level":"info","message":"Received DELETE request to /api/media/68f26bd9740f2954615c36c2","service":"media-service","timestamp":"2025-10-17T16:40:13.436Z"}
{"level":"info","message":"Request body, undefined","service":"media-service","timestamp":"2025-10-17T16:40:13.437Z"}
{"level":"info","message":"Media service is running on port 3003","service":"media-service","timestamp":"2025-10-17T16:40:47.969Z"}
{"level":"info","message":"Media service is running on port 3003","service":"media-service","timestamp":"2025-10-17T16:40:49.496Z"}
{"level":"info","message":"Media service is running on port 3003","service":"media-service","timestamp":"2025-10-17T16:40:52.006Z"}
{"level":"info","message":"Media service is running on port 3003","service":"media-service","timestamp":"2025-10-17T16:40:52.715Z"}
{"level":"info","message":"Connected to mongodb","service":"media-service","timestamp":"2025-10-17T16:40:53.680Z"}
{"level":"info","message":"Media service is running on port 3003","service":"media-service","timestamp":"2025-10-17T16:40:55.034Z"}
{"level":"info","message":"Media service is running on port 3003","service":"media-service","timestamp":"2025-10-17T16:40:56.359Z"}
{"level":"info","message":"Connected to mongodb","service":"media-service","timestamp":"2025-10-17T16:40:57.334Z"}
{"level":"info","message":"Received DELETE request to /api/media/68f26bd9740f2954615c36c2","service":"media-service","timestamp":"2025-10-17T16:41:00.390Z"}
{"level":"info","message":"Request body, undefined","service":"media-service","timestamp":"2025-10-17T16:41:00.391Z"}
{"level":"info","message":"Media service is running on port 3003","service":"media-service","timestamp":"2025-10-17T16:41:16.215Z"}
{"level":"info","message":"Connected to mongodb","service":"media-service","timestamp":"2025-10-17T16:41:17.236Z"}
{"level":"info","message":"Media service is running on port 3003","service":"media-service","timestamp":"2025-10-17T16:41:18.649Z"}
{"level":"info","message":"Received DELETE request to /api/media/68f26bd9740f2954615c36c2","service":"media-service","timestamp":"2025-10-17T16:41:19.628Z"}
{"level":"info","message":"Request body, undefined","service":"media-service","timestamp":"2025-10-17T16:41:19.628Z"}
{"level":"info","message":"Connected to mongodb","service":"media-service","timestamp":"2025-10-17T16:41:19.660Z"}
{"level":"info","message":"Media service is running on port 3003","service":"media-service","timestamp":"2025-10-17T16:42:00.200Z"}
{"level":"info","message":"Connected to mongodb","service":"media-service","timestamp":"2025-10-17T16:42:01.274Z"}
{"level":"info","message":"Received DELETE request to /api/media/68f26bd9740f2954615c36c2","service":"media-service","timestamp":"2025-10-17T16:42:02.444Z"}
{"level":"info","message":"Request body, undefined","service":"media-service","timestamp":"2025-10-17T16:42:02.445Z"}
{"level":"info","message":"Received DELETE request to /api/media/68f26bd9740f2954615c36c2","service":"media-service","timestamp":"2025-10-17T16:42:30.171Z"}
{"level":"info","message":"Request body, undefined","service":"media-service","timestamp":"2025-10-17T16:42:30.171Z"}
{"level":"info","message":"Received DELETE request to /api/media/68f224b917f8990093cfebdd","service":"media-service","timestamp":"2025-10-17T16:42:54.443Z"}
{"level":"info","message":"Request body, undefined","service":"media-service","timestamp":"2025-10-17T16:42:54.444Z"}
{"level":"info","message":"Received DELETE request to /api/media/68f2712ca2550d25f5b39200","service":"media-service","timestamp":"2025-10-17T16:43:14.452Z"}
{"level":"info","message":"Request body, undefined","service":"media-service","timestamp":"2025-10-17T16:43:14.453Z"}
{"level":"info","message":"Media service is running on port 3003","service":"media-service","timestamp":"2025-10-17T16:43:42.325Z"}
{"level":"info","message":"Connected to mongodb","service":"media-service","timestamp":"2025-10-17T16:43:43.291Z"}
{"level":"info","message":"Media service is running on port 3003","service":"media-service","timestamp":"2025-10-18T16:53:57.866Z"}
{"level":"info","message":"Connected to mongodb","service":"media-service","timestamp":"2025-10-18T16:53:58.830Z"}
{"level":"info","message":"Received GET request to /api/media/get","service":"media-service","timestamp":"2025-10-18T16:54:00.964Z"}
{"level":"info","message":"Request body, undefined","service":"media-service","timestamp":"2025-10-18T16:54:00.964Z"}
{"level":"info","message":"Received POST request to /api/media/upload","service":"media-service","timestamp":"2025-10-18T16:54:16.155Z"}
{"level":"info","message":"Request body, undefined","service":"media-service","timestamp":"2025-10-18T16:54:16.156Z"}
{"level":"error","message":"Error: Multipart: Boundary not found\n    at new Multipart (C:\\Users\\HP\\OneDrive\\Documents\\Coding\\NodeJS\\NodeJS_Sangam Mukherjee\\Part-2\\4.Social Media MicroService\\media-service\\node_modules\\busboy\\lib\\types\\multipart.js:233:13)\n    at getInstance (C:\\Users\\HP\\OneDrive\\Documents\\Coding\\NodeJS\\NodeJS_Sangam Mukherjee\\Part-2\\4.Social Media MicroService\\media-service\\node_modules\\busboy\\lib\\index.js:33:12)\n    at module.exports (C:\\Users\\HP\\OneDrive\\Documents\\Coding\\NodeJS\\NodeJS_Sangam Mukherjee\\Part-2\\4.Social Media MicroService\\media-service\\node_modules\\busboy\\lib\\index.js:56:10)\n    at multerMiddleware (C:\\Users\\HP\\OneDrive\\Documents\\Coding\\NodeJS\\NodeJS_Sangam Mukherjee\\Part-2\\4.Social Media MicroService\\media-service\\node_modules\\multer\\lib\\make-middleware.js:38:16)\n    at Layer.handleRequest (C:\\Users\\HP\\OneDrive\\Documents\\Coding\\NodeJS\\NodeJS_Sangam Mukherjee\\Part-2\\4.Social Media MicroService\\media-service\\node_modules\\router\\lib\\layer.js:152:17)\n    at next (C:\\Users\\HP\\OneDrive\\Documents\\Coding\\NodeJS\\NodeJS_Sangam Mukherjee\\Part-2\\4.Social Media MicroService\\media-service\\node_modules\\router\\lib\\route.js:157:13)\n    at authenticateRequest (C:\\Users\\HP\\OneDrive\\Documents\\Coding\\NodeJS\\NodeJS_Sangam Mukherjee\\Part-2\\4.Social Media MicroService\\media-service\\src\\middleware\\authMiddleware.js:19:5)\n    at Layer.handleRequest (C:\\Users\\HP\\OneDrive\\Documents\\Coding\\NodeJS\\NodeJS_Sangam Mukherjee\\Part-2\\4.Social Media MicroService\\media-service\\node_modules\\router\\lib\\layer.js:152:17)\n    at next (C:\\Users\\HP\\OneDrive\\Documents\\Coding\\NodeJS\\NodeJS_Sangam Mukherjee\\Part-2\\4.Social Media MicroService\\media-service\\node_modules\\router\\lib\\route.js:157:13)\n    at Route.dispatch (C:\\Users\\HP\\OneDrive\\Documents\\Coding\\NodeJS\\NodeJS_Sangam Mukherjee\\Part-2\\4.Social Media MicroService\\media-service\\node_modules\\router\\lib\\route.js:117:3)","service":"media-service","timestamp":"2025-10-18T16:54:16.160Z"}
{"level":"info","message":"Received POST request to /api/media/upload","service":"media-service","timestamp":"2025-10-18T16:55:14.323Z"}
{"level":"info","message":"Request body, undefined","service":"media-service","timestamp":"2025-10-18T16:55:14.324Z"}
{"level":"info","message":"Starting media upload","service":"media-service","timestamp":"2025-10-18T16:55:14.330Z"}
{"level":"info","message":"File details: name=1.png, type=image/png","service":"media-service","timestamp":"2025-10-18T16:55:14.331Z"}
{"level":"info","message":"Uploading to cloudinary starting...","service":"media-service","timestamp":"2025-10-18T16:55:14.331Z"}
{"level":"info","message":"Cloudinary upload successfully. Public Id: - media-service/bplabt0jhuiog9jcrmki","service":"media-service","timestamp":"2025-10-18T16:55:17.934Z"}
{"level":"info","message":"Received GET request to /api/media/get","service":"media-service","timestamp":"2025-10-18T16:55:22.373Z"}
{"level":"info","message":"Request body, undefined","service":"media-service","timestamp":"2025-10-18T16:55:22.373Z"}
{"level":"info","message":"Received GET request to /api/media/get","service":"media-service","timestamp":"2025-10-18T16:56:12.296Z"}
{"level":"info","message":"Request body, undefined","service":"media-service","timestamp":"2025-10-18T16:56:12.296Z"}
{"level":"info","message":"Media service is running on port 3003","service":"media-service","timestamp":"2025-10-18T16:56:35.358Z"}
{"level":"info","message":"Connected to mongodb","service":"media-service","timestamp":"2025-10-18T16:56:36.322Z"}
{"level":"info","message":"Media service is running on port 3003","service":"media-service","timestamp":"2025-10-18T16:57:33.329Z"}
{"level":"info","message":"Connected to mongodb","service":"media-service","timestamp":"2025-10-18T16:57:34.302Z"}
{"level":"info","message":"Media service is running on port 3003","service":"media-service","timestamp":"2025-10-18T16:57:35.451Z"}
{"level":"info","message":"Media service is running on port 3003","service":"media-service","timestamp":"2025-10-18T16:57:37.232Z"}
{"level":"info","message":"Connected to mongodb","service":"media-service","timestamp":"2025-10-18T16:57:38.227Z"}
{"level":"info","message":"Media service is running on port 3003","service":"media-service","timestamp":"2025-10-18T16:57:39.056Z"}
{"level":"info","message":"Media service is running on port 3003","service":"media-service","timestamp":"2025-10-18T16:57:40.348Z"}
{"level":"info","message":"Connected to mongodb","service":"media-service","timestamp":"2025-10-18T16:57:41.302Z"}
{"level":"info","message":"Media service is running on port 3003","service":"media-service","timestamp":"2025-10-18T16:57:42.555Z"}
{"level":"info","message":"Connected to mongodb","service":"media-service","timestamp":"2025-10-18T16:57:43.524Z"}
{"level":"info","message":"Media service is running on port 3003","service":"media-service","timestamp":"2025-10-18T16:57:45.223Z"}
{"level":"info","message":"Media service is running on port 3003","service":"media-service","timestamp":"2025-10-18T16:57:46.743Z"}
{"level":"info","message":"Connected to mongodb","service":"media-service","timestamp":"2025-10-18T16:57:47.734Z"}
{"level":"info","message":"Media service is running on port 3003","service":"media-service","timestamp":"2025-10-18T16:57:50.120Z"}
{"level":"info","message":"Connected to mongodb","service":"media-service","timestamp":"2025-10-18T16:57:51.093Z"}
{"level":"info","message":"Received GET request to /api/media/get","service":"media-service","timestamp":"2025-10-18T16:57:52.251Z"}
{"level":"info","message":"Request body, undefined","service":"media-service","timestamp":"2025-10-18T16:57:52.251Z"}
{"level":"info","message":"Media service is running on port 3003","service":"media-service","timestamp":"2025-10-18T17:20:17.297Z"}
{"level":"info","message":"Media service is running on port 3003","service":"media-service","timestamp":"2025-10-18T17:20:18.154Z"}
{"level":"info","message":"Connected to mongodb","service":"media-service","timestamp":"2025-10-18T17:20:19.145Z"}
{"level":"info","message":"Media service is running on port 3003","service":"media-service","timestamp":"2025-10-18T17:20:27.185Z"}
{"level":"info","message":"Connected to mongodb","service":"media-service","timestamp":"2025-10-18T17:20:28.172Z"}
{"level":"info","message":"Media service is running on port 3003","service":"media-service","timestamp":"2025-10-18T17:20:31.106Z"}
{"level":"info","message":"Connected to mongodb","service":"media-service","timestamp":"2025-10-18T17:20:32.097Z"}
{"level":"info","message":"Media service is running on port 3003","service":"media-service","timestamp":"2025-10-18T17:20:37.900Z"}
{"level":"info","message":"Connected to mongodb","service":"media-service","timestamp":"2025-10-18T17:20:38.896Z"}
{"level":"info","message":"Media service is running on port 3003","service":"media-service","timestamp":"2025-10-18T17:20:42.056Z"}
{"level":"info","message":"Connected to mongodb","service":"media-service","timestamp":"2025-10-18T17:20:43.081Z"}
{"level":"info","message":"Media service is running on port 3003","service":"media-service","timestamp":"2025-10-18T17:23:40.140Z"}
{"level":"info","message":"Connected to mongodb","service":"media-service","timestamp":"2025-10-18T17:23:41.139Z"}
{"level":"info","message":"Media service is running on port 3003","service":"media-service","timestamp":"2025-10-18T17:23:50.463Z"}
{"level":"info","message":"Connected to mongodb","service":"media-service","timestamp":"2025-10-18T17:23:51.416Z"}
{"level":"info","message":"Media service is running on port 3003","service":"media-service","timestamp":"2025-10-18T17:23:57.308Z"}
{"level":"info","message":"Connected to mongodb","service":"media-service","timestamp":"2025-10-18T17:23:58.291Z"}
{"level":"info","message":"Media service is running on port 3003","service":"media-service","timestamp":"2025-10-18T17:24:49.532Z"}
{"level":"info","message":"Connected to rabbit mq","service":"media-service","timestamp":"2025-10-18T17:24:49.574Z"}
{"level":"info","message":"Media service running on port 3003","service":"media-service","timestamp":"2025-10-18T17:24:49.575Z"}
{"level":"info","message":"Connected to mongodb","service":"media-service","timestamp":"2025-10-18T17:24:50.630Z"}
{"level":"info","message":"Media service is running on port 3003","service":"media-service","timestamp":"2025-10-18T17:27:32.000Z"}
{"level":"info","message":"Connected to rabbit mq","service":"media-service","timestamp":"2025-10-18T17:27:32.046Z"}
{"level":"info","message":"Media service running on port 3003","service":"media-service","timestamp":"2025-10-18T17:27:32.047Z"}
{"level":"info","message":"Media service is running on port 3003","service":"media-service","timestamp":"2025-10-18T17:27:33.017Z"}
{"level":"info","message":"Connected to rabbit mq","service":"media-service","timestamp":"2025-10-18T17:27:33.061Z"}
{"level":"info","message":"Media service is running on port 3003","service":"media-service","timestamp":"2025-10-18T17:27:35.681Z"}
{"level":"info","message":"Connected to rabbit mq","service":"media-service","timestamp":"2025-10-18T17:27:35.722Z"}
{"level":"info","message":"Media service running on port 3003","service":"media-service","timestamp":"2025-10-18T17:27:35.723Z"}
{"level":"info","message":"Media service is running on port 3003","service":"media-service","timestamp":"2025-10-18T17:27:36.636Z"}
{"level":"info","message":"Connected to rabbit mq","service":"media-service","timestamp":"2025-10-18T17:27:36.680Z"}
{"level":"info","message":"Media service running on port 3003","service":"media-service","timestamp":"2025-10-18T17:27:36.681Z"}
{"level":"info","message":"Media service is running on port 3003","service":"media-service","timestamp":"2025-10-18T17:27:38.248Z"}
{"level":"info","message":"Connected to rabbit mq","service":"media-service","timestamp":"2025-10-18T17:27:38.295Z"}
{"level":"info","message":"Media service running on port 3003","service":"media-service","timestamp":"2025-10-18T17:27:38.296Z"}
{"level":"info","message":"Connected to mongodb","service":"media-service","timestamp":"2025-10-18T17:27:39.223Z"}
{"level":"info","message":"Media service is running on port 3003","service":"media-service","timestamp":"2025-10-18T17:27:39.966Z"}
{"level":"info","message":"Connected to rabbit mq","service":"media-service","timestamp":"2025-10-18T17:27:40.008Z"}
{"level":"info","message":"Media service running on port 3003","service":"media-service","timestamp":"2025-10-18T17:27:40.009Z"}
{"level":"info","message":"Media service is running on port 3003","service":"media-service","timestamp":"2025-10-18T17:27:41.261Z"}
{"level":"info","message":"Connected to rabbit mq","service":"media-service","timestamp":"2025-10-18T17:27:41.305Z"}
{"level":"info","message":"Media service running on port 3003","service":"media-service","timestamp":"2025-10-18T17:27:41.306Z"}
{"level":"info","message":"Connected to mongodb","service":"media-service","timestamp":"2025-10-18T17:27:42.233Z"}
{"level":"info","message":"Media service is running on port 3003","service":"media-service","timestamp":"2025-10-18T17:27:42.970Z"}
{"level":"info","message":"Connected to rabbit mq","service":"media-service","timestamp":"2025-10-18T17:27:43.018Z"}
{"level":"info","message":"Media service running on port 3003","service":"media-service","timestamp":"2025-10-18T17:27:43.019Z"}
{"level":"info","message":"Media service is running on port 3003","service":"media-service","timestamp":"2025-10-18T17:27:44.745Z"}
{"level":"info","message":"Connected to rabbit mq","service":"media-service","timestamp":"2025-10-18T17:27:44.806Z"}
{"level":"info","message":"Media service running on port 3003","service":"media-service","timestamp":"2025-10-18T17:27:44.807Z"}
{"level":"info","message":"Media service is running on port 3003","service":"media-service","timestamp":"2025-10-18T17:27:46.360Z"}
{"level":"info","message":"Connected to rabbit mq","service":"media-service","timestamp":"2025-10-18T17:27:46.406Z"}
{"level":"info","message":"Subscribed to event: undefined","service":"media-service","timestamp":"2025-10-18T17:27:46.415Z"}
{"level":"info","message":"Media service running on port 3003","service":"media-service","timestamp":"2025-10-18T17:27:46.415Z"}
{"level":"info","message":"Media service is running on port 3003","service":"media-service","timestamp":"2025-10-18T17:27:48.368Z"}
{"level":"info","message":"Connected to rabbit mq","service":"media-service","timestamp":"2025-10-18T17:27:48.409Z"}
{"level":"info","message":"Subscribed to event: post-deleted","service":"media-service","timestamp":"2025-10-18T17:27:48.413Z"}
{"level":"info","message":"Media service running on port 3003","service":"media-service","timestamp":"2025-10-18T17:27:48.414Z"}
{"level":"info","message":"Connected to mongodb","service":"media-service","timestamp":"2025-10-18T17:27:49.354Z"}
{"level":"info","message":"Media service is running on port 3003","service":"media-service","timestamp":"2025-10-18T17:27:51.686Z"}
{"level":"info","message":"Connected to rabbit mq","service":"media-service","timestamp":"2025-10-18T17:27:51.730Z"}
{"level":"info","message":"Subscribed to event: post-deleted","service":"media-service","timestamp":"2025-10-18T17:27:51.737Z"}
{"level":"info","message":"Media service running on port 3003","service":"media-service","timestamp":"2025-10-18T17:27:51.737Z"}
{"level":"info","message":"Connected to mongodb","service":"media-service","timestamp":"2025-10-18T17:27:52.644Z"}
{"level":"info","message":"Media service is running on port 3003","service":"media-service","timestamp":"2025-10-18T17:28:57.168Z"}
{"level":"info","message":"Connected to rabbit mq","service":"media-service","timestamp":"2025-10-18T17:28:57.217Z"}
{"level":"info","message":"Subscribed to event: post-deleted","service":"media-service","timestamp":"2025-10-18T17:28:57.223Z"}
{"level":"info","message":"Media service running on port 3003","service":"media-service","timestamp":"2025-10-18T17:28:57.224Z"}
{"level":"info","message":"Connected to mongodb","service":"media-service","timestamp":"2025-10-18T17:28:58.161Z"}
{"level":"info","message":"Media service is running on port 3003","service":"media-service","timestamp":"2025-10-18T17:29:27.764Z"}
{"level":"info","message":"Connected to rabbit mq","service":"media-service","timestamp":"2025-10-18T17:29:27.810Z"}
{"level":"info","message":"Subscribed to event: post-deleted","service":"media-service","timestamp":"2025-10-18T17:29:27.817Z"}
{"level":"info","message":"Media service running on port 3003","service":"media-service","timestamp":"2025-10-18T17:29:27.818Z"}
{"level":"info","message":"Connected to mongodb","service":"media-service","timestamp":"2025-10-18T17:29:28.796Z"}
{"level":"info","message":"Media service is running on port 3003","service":"media-service","timestamp":"2025-10-18T17:30:21.938Z"}
{"level":"info","message":"Connected to rabbit mq","service":"media-service","timestamp":"2025-10-18T17:30:21.985Z"}
{"level":"info","message":"Subscribed to event: post-deleted","service":"media-service","timestamp":"2025-10-18T17:30:21.991Z"}
{"level":"info","message":"Media service running on port 3003","service":"media-service","timestamp":"2025-10-18T17:30:21.991Z"}
{"level":"info","message":"Connected to mongodb","service":"media-service","timestamp":"2025-10-18T17:30:22.908Z"}
{"level":"info","message":"Media service is running on port 3003","service":"media-service","timestamp":"2025-10-18T17:35:49.484Z"}
{"level":"info","message":"Media service is running on port 3003","service":"media-service","timestamp":"2025-10-18T17:35:52.647Z"}
{"level":"info","message":"Connected to rabbit mq","service":"media-service","timestamp":"2025-10-18T17:35:52.689Z"}
{"level":"info","message":"Subscribed to event: post-deleted","service":"media-service","timestamp":"2025-10-18T17:35:52.694Z"}
{"level":"info","message":"Media service running on port 3003","service":"media-service","timestamp":"2025-10-18T17:35:52.694Z"}
{"level":"info","message":"Connected to mongodb","service":"media-service","timestamp":"2025-10-18T17:35:53.659Z"}
{"level":"info","message":"Media service is running on port 3003","service":"media-service","timestamp":"2025-10-18T17:35:54.363Z"}
{"level":"info","message":"Connected to rabbit mq","service":"media-service","timestamp":"2025-10-18T17:35:54.407Z"}
{"level":"info","message":"Subscribed to event: post-deleted","service":"media-service","timestamp":"2025-10-18T17:35:54.412Z"}
{"level":"info","message":"Media service running on port 3003","service":"media-service","timestamp":"2025-10-18T17:35:54.413Z"}
{"level":"info","message":"Media service is running on port 3003","service":"media-service","timestamp":"2025-10-18T17:35:55.365Z"}
{"level":"info","message":"Connected to rabbit mq","service":"media-service","timestamp":"2025-10-18T17:35:55.405Z"}
{"level":"info","message":"Subscribed to event: post-deleted","service":"media-service","timestamp":"2025-10-18T17:35:55.410Z"}
{"level":"info","message":"Media service running on port 3003","service":"media-service","timestamp":"2025-10-18T17:35:55.411Z"}
{"level":"info","message":"Media service is running on port 3003","service":"media-service","timestamp":"2025-10-18T17:35:56.244Z"}
{"level":"info","message":"Connected to rabbit mq","service":"media-service","timestamp":"2025-10-18T17:35:56.286Z"}
{"level":"info","message":"Subscribed to event: post-deleted","service":"media-service","timestamp":"2025-10-18T17:35:56.290Z"}
{"level":"info","message":"Media service running on port 3003","service":"media-service","timestamp":"2025-10-18T17:35:56.291Z"}
{"level":"info","message":"Connected to mongodb","service":"media-service","timestamp":"2025-10-18T17:35:57.240Z"}
{"level":"info","message":"Media service is running on port 3003","service":"media-service","timestamp":"2025-10-18T17:36:00.921Z"}
{"level":"info","message":"Connected to rabbit mq","service":"media-service","timestamp":"2025-10-18T17:36:00.963Z"}
{"level":"info","message":"Subscribed to event: post-deleted","service":"media-service","timestamp":"2025-10-18T17:36:00.967Z"}
{"level":"info","message":"Media service running on port 3003","service":"media-service","timestamp":"2025-10-18T17:36:00.967Z"}
{"level":"info","message":"Media service is running on port 3003","service":"media-service","timestamp":"2025-10-18T17:36:01.852Z"}
{"level":"info","message":"Connected to rabbit mq","service":"media-service","timestamp":"2025-10-18T17:36:01.936Z"}
{"level":"info","message":"Subscribed to event: post-deleted","service":"media-service","timestamp":"2025-10-18T17:36:01.950Z"}
{"level":"info","message":"Media service running on port 3003","service":"media-service","timestamp":"2025-10-18T17:36:01.950Z"}
{"level":"info","message":"Media service is running on port 3003","service":"media-service","timestamp":"2025-10-18T17:36:05.333Z"}
{"level":"info","message":"Connected to rabbit mq","service":"media-service","timestamp":"2025-10-18T17:36:05.374Z"}
{"level":"info","message":"Subscribed to event: post-deleted","service":"media-service","timestamp":"2025-10-18T17:36:05.380Z"}
{"level":"info","message":"Media service running on port 3003","service":"media-service","timestamp":"2025-10-18T17:36:05.380Z"}
{"level":"info","message":"Media service is running on port 3003","service":"media-service","timestamp":"2025-10-18T17:36:07.324Z"}
{"level":"info","message":"Connected to rabbit mq","service":"media-service","timestamp":"2025-10-18T17:36:07.368Z"}
{"level":"info","message":"Subscribed to event: post-deleted","service":"media-service","timestamp":"2025-10-18T17:36:07.374Z"}
{"level":"info","message":"Media service running on port 3003","service":"media-service","timestamp":"2025-10-18T17:36:07.374Z"}
{"level":"info","message":"Connected to mongodb","service":"media-service","timestamp":"2025-10-18T17:36:08.285Z"}
{"level":"info","message":"Media service is running on port 3003","service":"media-service","timestamp":"2025-10-18T17:36:09.189Z"}
{"level":"info","message":"Connected to rabbit mq","service":"media-service","timestamp":"2025-10-18T17:36:09.234Z"}
{"level":"info","message":"Subscribed to event: post-deleted","service":"media-service","timestamp":"2025-10-18T17:36:09.241Z"}
{"level":"info","message":"Media service running on port 3003","service":"media-service","timestamp":"2025-10-18T17:36:09.242Z"}
{"level":"info","message":"Media service is running on port 3003","service":"media-service","timestamp":"2025-10-18T17:36:10.972Z"}
{"level":"info","message":"Connected to rabbit mq","service":"media-service","timestamp":"2025-10-18T17:36:11.019Z"}
{"level":"info","message":"Subscribed to event: post-deleted","service":"media-service","timestamp":"2025-10-18T17:36:11.025Z"}
{"level":"info","message":"Media service running on port 3003","service":"media-service","timestamp":"2025-10-18T17:36:11.026Z"}
{"level":"info","message":"Connected to mongodb","service":"media-service","timestamp":"2025-10-18T17:36:11.951Z"}
{"level":"info","message":"Media service is running on port 3003","service":"media-service","timestamp":"2025-10-18T17:36:14.518Z"}
{"level":"info","message":"Connected to rabbit mq","service":"media-service","timestamp":"2025-10-18T17:36:14.562Z"}
{"level":"info","message":"Subscribed to event: post-deleted","service":"media-service","timestamp":"2025-10-18T17:36:14.568Z"}
{"level":"info","message":"Media service running on port 3003","service":"media-service","timestamp":"2025-10-18T17:36:14.569Z"}
{"level":"info","message":"Connected to mongodb","service":"media-service","timestamp":"2025-10-18T17:36:15.517Z"}
{"level":"info","message":"Media service is running on port 3003","service":"media-service","timestamp":"2025-10-18T17:36:16.179Z"}
{"level":"info","message":"Connected to rabbit mq","service":"media-service","timestamp":"2025-10-18T17:36:16.222Z"}
{"level":"info","message":"Subscribed to event: post-deleted","service":"media-service","timestamp":"2025-10-18T17:36:16.226Z"}
{"level":"info","message":"Media service running on port 3003","service":"media-service","timestamp":"2025-10-18T17:36:16.227Z"}
{"level":"info","message":"Connected to mongodb","service":"media-service","timestamp":"2025-10-18T17:36:17.163Z"}
{"level":"info","message":"Processed deletion of media for post id 68f26f68bb4459134f8077cb","service":"media-service","timestamp":"2025-10-18T17:37:56.379Z"}
{"level":"info","message":"Received GET request to /api/media/get","service":"media-service","timestamp":"2025-10-18T17:38:13.798Z"}
{"level":"info","message":"Request body, undefined","service":"media-service","timestamp":"2025-10-18T17:38:13.798Z"}
{"level":"info","message":"Received GET request to /api/media/get","service":"media-service","timestamp":"2025-10-18T17:38:15.669Z"}
{"level":"info","message":"Request body, undefined","service":"media-service","timestamp":"2025-10-18T17:38:15.669Z"}
{"level":"info","message":"Received GET request to /api/media/get","service":"media-service","timestamp":"2025-10-18T17:38:16.677Z"}
{"level":"info","message":"Request body, undefined","service":"media-service","timestamp":"2025-10-18T17:38:16.678Z"}
{"level":"info","message":"Received GET request to /api/media/get","service":"media-service","timestamp":"2025-10-18T17:38:17.499Z"}
{"level":"info","message":"Request body, undefined","service":"media-service","timestamp":"2025-10-18T17:38:17.500Z"}
{"level":"info","message":"Received GET request to /api/media/get","service":"media-service","timestamp":"2025-10-18T17:38:18.216Z"}
{"level":"info","message":"Request body, undefined","service":"media-service","timestamp":"2025-10-18T17:38:18.217Z"}
{"level":"info","message":"Media service is running on port 3003","service":"media-service","timestamp":"2025-10-18T17:39:53.404Z"}
{"level":"info","message":"Connected to rabbit mq","service":"media-service","timestamp":"2025-10-18T17:39:53.447Z"}
{"level":"info","message":"Subscribed to event: post-deleted","service":"media-service","timestamp":"2025-10-18T17:39:53.454Z"}
{"level":"info","message":"Media service running on port 3003","service":"media-service","timestamp":"2025-10-18T17:39:53.455Z"}
{"level":"info","message":"Connected to mongodb","service":"media-service","timestamp":"2025-10-18T17:39:54.381Z"}
{"level":"info","message":"Received POST request to /api/media/upload","service":"media-service","timestamp":"2025-10-18T17:40:44.559Z"}
{"level":"info","message":"Request body, undefined","service":"media-service","timestamp":"2025-10-18T17:40:44.559Z"}
{"level":"info","message":"Starting media upload","service":"media-service","timestamp":"2025-10-18T17:40:44.570Z"}
{"level":"info","message":"File details: name=ceo.png, type=image/png","service":"media-service","timestamp":"2025-10-18T17:40:44.571Z"}
{"level":"info","message":"Uploading to cloudinary starting...","service":"media-service","timestamp":"2025-10-18T17:40:44.571Z"}
{"level":"info","message":"Cloudinary upload successfully. Public Id: - media-service/wb3srqy2cfizd2nexpb0","service":"media-service","timestamp":"2025-10-18T17:40:47.587Z"}
{"level":"info","message":"Received GET request to /api/media/get","service":"media-service","timestamp":"2025-10-18T17:40:51.100Z"}
{"level":"info","message":"Request body, undefined","service":"media-service","timestamp":"2025-10-18T17:40:51.100Z"}
{"0":"E","1":"r","10":"r","11":"e","12":"d","13":" ","14":"w","15":"h","16":"i","17":"l","18":"e","19":" ","2":"r","20":"m","21":"e","22":"d","23":"i","24":"a","25":" ","26":"d","27":"e","28":"l","29":"e","3":"o","30":"t","31":"i","32":"o","33":"n","4":"r","5":" ","6":"o","7":"c","8":"c","9":"u","level":"error","message":"logger is not defined","service":"media-service","timestamp":"2025-10-18T17:43:27.366Z"}
{"level":"info","message":"Media service is running on port 3003","service":"media-service","timestamp":"2025-10-18T17:45:57.671Z"}
{"level":"info","message":"Connected to rabbit mq","service":"media-service","timestamp":"2025-10-18T17:45:57.711Z"}
{"level":"info","message":"Subscribed to event: post-deleted","service":"media-service","timestamp":"2025-10-18T17:45:57.716Z"}
{"level":"info","message":"Media service running on port 3003","service":"media-service","timestamp":"2025-10-18T17:45:57.717Z"}
{"level":"info","message":"Connected to mongodb","service":"media-service","timestamp":"2025-10-18T17:45:58.691Z"}
{"level":"info","message":"Media service is running on port 3003","service":"media-service","timestamp":"2025-10-18T17:46:02.317Z"}
{"level":"info","message":"Connected to rabbit mq","service":"media-service","timestamp":"2025-10-18T17:46:02.362Z"}
{"level":"info","message":"Subscribed to event: post-deleted","service":"media-service","timestamp":"2025-10-18T17:46:02.368Z"}
{"level":"info","message":"Media service running on port 3003","service":"media-service","timestamp":"2025-10-18T17:46:02.368Z"}
{"level":"info","message":"Connected to mongodb","service":"media-service","timestamp":"2025-10-18T17:46:03.320Z"}
{"level":"info","message":"Media service is running on port 3003","service":"media-service","timestamp":"2025-10-18T17:48:48.931Z"}
{"level":"info","message":"Connected to rabbit mq","service":"media-service","timestamp":"2025-10-18T17:48:48.980Z"}
{"level":"info","message":"Subscribed to event: post-deleted","service":"media-service","timestamp":"2025-10-18T17:48:48.988Z"}
{"level":"info","message":"Media service running on port 3003","service":"media-service","timestamp":"2025-10-18T17:48:48.988Z"}
{"level":"info","message":"Connected to mongodb","service":"media-service","timestamp":"2025-10-18T17:48:49.905Z"}
{"level":"info","message":"Media service is running on port 3003","service":"media-service","timestamp":"2025-10-18T17:49:59.151Z"}
{"level":"info","message":"Connected to rabbit mq","service":"media-service","timestamp":"2025-10-18T17:49:59.196Z"}
{"level":"info","message":"Subscribed to event: post-deleted","service":"media-service","timestamp":"2025-10-18T17:49:59.200Z"}
{"level":"info","message":"Media service running on port 3003","service":"media-service","timestamp":"2025-10-18T17:49:59.201Z"}
{"level":"info","message":"Connected to mongodb","service":"media-service","timestamp":"2025-10-18T17:50:00.168Z"}
{"level":"info","message":"Media service is running on port 3003","service":"media-service","timestamp":"2025-10-18T17:51:33.068Z"}
{"level":"info","message":"Connected to rabbit mq","service":"media-service","timestamp":"2025-10-18T17:51:33.110Z"}
{"level":"info","message":"Subscribed to event: post-deleted","service":"media-service","timestamp":"2025-10-18T17:51:33.114Z"}
{"level":"info","message":"Media service running on port 3003","service":"media-service","timestamp":"2025-10-18T17:51:33.114Z"}
{"level":"info","message":"Connected to mongodb","service":"media-service","timestamp":"2025-10-18T17:51:34.049Z"}
{"level":"info","message":"Received POST request to /api/media/upload","service":"media-service","timestamp":"2025-10-18T17:52:22.058Z"}
{"level":"info","message":"Request body, undefined","service":"media-service","timestamp":"2025-10-18T17:52:22.058Z"}
{"level":"info","message":"Starting media upload","service":"media-service","timestamp":"2025-10-18T17:52:22.069Z"}
{"level":"info","message":"File details: name=Screenshot 2025-09-29 122920.png, type=image/png","service":"media-service","timestamp":"2025-10-18T17:52:22.070Z"}
{"level":"info","message":"Uploading to cloudinary starting...","service":"media-service","timestamp":"2025-10-18T17:52:22.071Z"}
{"level":"info","message":"Cloudinary upload successfully. Public Id: - media-service/m1wjhtykalvtdz62fgec","service":"media-service","timestamp":"2025-10-18T17:52:24.529Z"}
{"0":"m","1":"e","10":"i","11":"c","12":"e","13":"/","14":"m","15":"1","16":"w","17":"j","18":"h","19":"t","2":"d","20":"y","21":"k","22":"a","23":"l","24":"v","25":"t","26":"d","27":"z","28":"6","29":"2","3":"i","30":"f","31":"g","32":"e","33":"c","4":"a","5":"-","6":"s","7":"e","8":"r","9":"v","level":"info","message":"Media deleted successfully from cloud storage","service":"media-service","timestamp":"2025-10-18T17:53:13.342Z"}
{"level":"info","message":"Cloudinary delete result for media-service/m1wjhtykalvtdz62fgec: {\"result\":\"ok\"}","service":"media-service","timestamp":"2025-10-18T17:53:13.343Z"}
{"level":"info","message":"Deleted media 68f3d3d8c0c93864da22a6b7 from database for post 68f3d3f6dc24cef4745de802","service":"media-service","timestamp":"2025-10-18T17:53:13.441Z"}
{"level":"info","message":"Processed deletion of media for post id 68f3d3f6dc24cef4745de802","service":"media-service","timestamp":"2025-10-18T17:53:13.441Z"}
{"level":"info","message":"Received POST request to /api/media/upload","service":"media-service","timestamp":"2025-10-18T17:53:35.421Z"}
{"level":"info","message":"Request body, undefined","service":"media-service","timestamp":"2025-10-18T17:53:35.421Z"}
{"level":"info","message":"Starting media upload","service":"media-service","timestamp":"2025-10-18T17:53:35.423Z"}
{"level":"info","message":"File details: name=Screenshot 2025-09-29 122920.png, type=image/png","service":"media-service","timestamp":"2025-10-18T17:53:35.424Z"}
{"level":"info","message":"Uploading to cloudinary starting...","service":"media-service","timestamp":"2025-10-18T17:53:35.424Z"}
{"level":"info","message":"Cloudinary upload successfully. Public Id: - media-service/yvagcun3mrtrs9xbz4z8","service":"media-service","timestamp":"2025-10-18T17:53:38.134Z"}
{"level":"info","message":"Processed deletion of media for post id 68f3d431dc24cef4745de807","service":"media-service","timestamp":"2025-10-18T17:54:57.197Z"}
{"level":"info","message":"Media service is running on port 3003","service":"media-service","timestamp":"2025-10-18T17:58:40.118Z"}
{"level":"info","message":"Connected to rabbit mq","service":"media-service","timestamp":"2025-10-18T17:58:40.141Z"}
{"level":"info","message":"Subscribed to event: post-deleted","service":"media-service","timestamp":"2025-10-18T17:58:40.146Z"}
{"level":"info","message":"Media service running on port 3003","service":"media-service","timestamp":"2025-10-18T17:58:40.147Z"}
{"level":"info","message":"Connected to mongodb","service":"media-service","timestamp":"2025-10-18T17:58:41.269Z"}
{"level":"info","message":"Media service is running on port 3003","service":"media-service","timestamp":"2025-10-18T17:58:59.405Z"}
{"level":"info","message":"Connected to rabbit mq","service":"media-service","timestamp":"2025-10-18T17:58:59.454Z"}
{"level":"info","message":"Subscribed to event: post-deleted","service":"media-service","timestamp":"2025-10-18T17:58:59.458Z"}
{"level":"info","message":"Media service running on port 3003","service":"media-service","timestamp":"2025-10-18T17:58:59.459Z"}
{"level":"info","message":"Connected to mongodb","service":"media-service","timestamp":"2025-10-18T17:59:00.396Z"}
{"level":"info","message":"Media service is running on port 3003","service":"media-service","timestamp":"2025-10-18T17:59:16.109Z"}
{"level":"info","message":"Connected to rabbit mq","service":"media-service","timestamp":"2025-10-18T17:59:16.153Z"}
{"level":"info","message":"Subscribed to event: post-deleted","service":"media-service","timestamp":"2025-10-18T17:59:16.157Z"}
{"level":"info","message":"Media service running on port 3003","service":"media-service","timestamp":"2025-10-18T17:59:16.158Z"}
{"level":"info","message":"Connected to mongodb","service":"media-service","timestamp":"2025-10-18T17:59:17.066Z"}
{"level":"info","message":"Media service is running on port 3003","service":"media-service","timestamp":"2025-10-18T17:59:21.067Z"}
{"level":"info","message":"Connected to rabbit mq","service":"media-service","timestamp":"2025-10-18T17:59:21.114Z"}
{"level":"info","message":"Subscribed to event: post-deleted","service":"media-service","timestamp":"2025-10-18T17:59:21.121Z"}
{"level":"info","message":"Media service running on port 3003","service":"media-service","timestamp":"2025-10-18T17:59:21.122Z"}
{"level":"info","message":"Media service is running on port 3003","service":"media-service","timestamp":"2025-10-18T17:59:21.966Z"}
{"level":"info","message":"Connected to rabbit mq","service":"media-service","timestamp":"2025-10-18T17:59:22.010Z"}
{"level":"info","message":"Subscribed to event: post-deleted","service":"media-service","timestamp":"2025-10-18T17:59:22.015Z"}
{"level":"info","message":"Media service running on port 3003","service":"media-service","timestamp":"2025-10-18T17:59:22.016Z"}
{"level":"info","message":"Connected to mongodb","service":"media-service","timestamp":"2025-10-18T17:59:22.961Z"}
{"level":"info","message":"Media service is running on port 3003","service":"media-service","timestamp":"2025-10-18T17:59:26.076Z"}
{"level":"info","message":"Connected to rabbit mq","service":"media-service","timestamp":"2025-10-18T17:59:26.117Z"}
{"level":"info","message":"Subscribed to event: post-deleted","service":"media-service","timestamp":"2025-10-18T17:59:26.122Z"}
{"level":"info","message":"Media service running on port 3003","service":"media-service","timestamp":"2025-10-18T17:59:26.123Z"}
{"level":"info","message":"Connected to mongodb","service":"media-service","timestamp":"2025-10-18T17:59:27.110Z"}
{"level":"info","message":"Media service is running on port 3003","service":"media-service","timestamp":"2025-10-18T18:01:33.199Z"}
{"level":"info","message":"Connected to rabbit mq","service":"media-service","timestamp":"2025-10-18T18:01:33.242Z"}
{"level":"info","message":"Subscribed to event: post-deleted","service":"media-service","timestamp":"2025-10-18T18:01:33.247Z"}
{"level":"info","message":"Media service running on port 3003","service":"media-service","timestamp":"2025-10-18T18:01:33.248Z"}
{"level":"info","message":"Connected to mongodb","service":"media-service","timestamp":"2025-10-18T18:01:34.175Z"}
{"level":"info","message":"Media service is running on port 3003","service":"media-service","timestamp":"2025-10-18T18:01:38.719Z"}
{"level":"info","message":"Connected to rabbit mq","service":"media-service","timestamp":"2025-10-18T18:01:38.763Z"}
{"level":"info","message":"Subscribed to event: post-deleted","service":"media-service","timestamp":"2025-10-18T18:01:38.768Z"}
{"level":"info","message":"Media service running on port 3003","service":"media-service","timestamp":"2025-10-18T18:01:38.768Z"}
{"level":"info","message":"Media service is running on port 3003","service":"media-service","timestamp":"2025-10-18T18:01:39.794Z"}
{"level":"info","message":"Connected to rabbit mq","service":"media-service","timestamp":"2025-10-18T18:01:39.837Z"}
{"level":"info","message":"Subscribed to event: post-deleted","service":"media-service","timestamp":"2025-10-18T18:01:39.843Z"}
{"level":"info","message":"Media service running on port 3003","service":"media-service","timestamp":"2025-10-18T18:01:39.844Z"}
{"level":"info","message":"Connected to mongodb","service":"media-service","timestamp":"2025-10-18T18:01:40.770Z"}
{"level":"info","message":"Media service is running on port 3003","service":"media-service","timestamp":"2025-10-18T18:01:43.217Z"}
{"level":"info","message":"Connected to rabbit mq","service":"media-service","timestamp":"2025-10-18T18:01:43.265Z"}
{"level":"info","message":"Subscribed to event: post-deleted","service":"media-service","timestamp":"2025-10-18T18:01:43.270Z"}
{"level":"info","message":"Media service running on port 3003","service":"media-service","timestamp":"2025-10-18T18:01:43.271Z"}
{"level":"info","message":"Connected to mongodb","service":"media-service","timestamp":"2025-10-18T18:01:44.208Z"}
{"level":"info","message":"Received POST request to /api/media/upload","service":"media-service","timestamp":"2025-10-18T18:02:38.348Z"}
{"level":"info","message":"Request body, undefined","service":"media-service","timestamp":"2025-10-18T18:02:38.348Z"}
{"level":"info","message":"Starting media upload","service":"media-service","timestamp":"2025-10-18T18:02:38.358Z"}
{"level":"info","message":"File details: name=Screenshot 2025-09-29 122523.png, type=image/png","service":"media-service","timestamp":"2025-10-18T18:02:38.359Z"}
{"level":"info","message":"Uploading to cloudinary starting...","service":"media-service","timestamp":"2025-10-18T18:02:38.359Z"}
{"level":"info","message":"Cloudinary upload successfully. Public Id: - media-service/izbl2g45b2qkxaoqpy5m","service":"media-service","timestamp":"2025-10-18T18:02:41.953Z"}
{"0":"m","1":"e","10":"i","11":"c","12":"e","13":"/","14":"i","15":"z","16":"b","17":"l","18":"2","19":"g","2":"d","20":"4","21":"5","22":"b","23":"2","24":"q","25":"k","26":"x","27":"a","28":"o","29":"q","3":"i","30":"p","31":"y","32":"5","33":"m","4":"a","5":"-","6":"s","7":"e","8":"r","9":"v","level":"info","message":"Media deleted successfully from cloud storage","service":"media-service","timestamp":"2025-10-18T18:04:59.864Z"}
{"level":"info","message":"Deleted media 68f3d64162db32a11ac5dad2 associated with this deleted post 68f3d683dc24cef4745de80d","service":"media-service","timestamp":"2025-10-18T18:04:59.964Z"}
{"level":"info","message":"Processed deletion of media for post id 68f3d683dc24cef4745de80d","service":"media-service","timestamp":"2025-10-18T18:04:59.965Z"}
{"level":"info","message":"Media service is running on port 3003","service":"media-service","timestamp":"2025-10-18T18:13:23.983Z"}
{"level":"info","message":"Connected to rabbit mq","service":"media-service","timestamp":"2025-10-18T18:13:24.045Z"}
{"level":"info","message":"Subscribed to event: post-deleted","service":"media-service","timestamp":"2025-10-18T18:13:24.049Z"}
{"level":"info","message":"Media service running on port 3003","service":"media-service","timestamp":"2025-10-18T18:13:24.050Z"}
{"level":"info","message":"Connected to mongodb","service":"media-service","timestamp":"2025-10-18T18:13:25.011Z"}
