{"level":"info","message":"API Gateway is running on port 3000","service":"api-gateway","timestamp":"2025-10-14T16:29:39.848Z"}
{"level":"info","message":"Auth Service is running on port http://localhost:3001","service":"api-gateway","timestamp":"2025-10-14T16:29:39.850Z"}
{"level":"info","message":"Redis Url is running on port redis://localhost:6379","service":"api-gateway","timestamp":"2025-10-14T16:29:39.850Z"}
{"level":"info","message":"API Gateway is running on port 3000","service":"api-gateway","timestamp":"2025-10-14T16:32:24.745Z"}
{"level":"info","message":"Auth Service is running on port http://localhost:3001","service":"api-gateway","timestamp":"2025-10-14T16:32:24.748Z"}
{"level":"info","message":"Redis Url is running on port redis://localhost:6379","service":"api-gateway","timestamp":"2025-10-14T16:32:24.749Z"}
{"level":"info","message":"API Gateway is running on port 3000","service":"api-gateway","timestamp":"2025-10-14T16:35:09.208Z"}
{"level":"info","message":"Auth Service is running on port http://localhost:3001","service":"api-gateway","timestamp":"2025-10-14T16:35:09.210Z"}
{"level":"info","message":"Redis Url is running on port redis://localhost:6379","service":"api-gateway","timestamp":"2025-10-14T16:35:09.211Z"}
{"level":"info","message":"API Gateway is running on port 3000","service":"api-gateway","timestamp":"2025-10-14T16:37:06.684Z"}
{"level":"info","message":"Auth Service is running on port http://localhost:3001","service":"api-gateway","timestamp":"2025-10-14T16:37:06.686Z"}
{"level":"info","message":"Redis Url is running on port redis://localhost:6379","service":"api-gateway","timestamp":"2025-10-14T16:37:06.687Z"}
{"level":"info","message":"API Gateway is running on port 3000","service":"api-gateway","timestamp":"2025-10-14T16:37:09.885Z"}
{"level":"info","message":"Auth Service is running on port http://localhost:3001","service":"api-gateway","timestamp":"2025-10-14T16:37:09.887Z"}
{"level":"info","message":"Redis Url is running on port redis://localhost:6379","service":"api-gateway","timestamp":"2025-10-14T16:37:09.887Z"}
{"level":"info","message":"API Gateway is running on port 3000","service":"api-gateway","timestamp":"2025-10-14T16:37:10.733Z"}
{"level":"info","message":"Auth Service is running on port http://localhost:3001","service":"api-gateway","timestamp":"2025-10-14T16:37:10.735Z"}
{"level":"info","message":"Redis Url is running on port redis://localhost:6379","service":"api-gateway","timestamp":"2025-10-14T16:37:10.736Z"}
{"level":"info","message":"API Gateway is running on port 3000","service":"api-gateway","timestamp":"2025-10-14T16:37:12.229Z"}
{"level":"info","message":"Auth Service is running on port http://localhost:3001","service":"api-gateway","timestamp":"2025-10-14T16:37:12.232Z"}
{"level":"info","message":"Redis Url is running on port redis://localhost:6379","service":"api-gateway","timestamp":"2025-10-14T16:37:12.232Z"}
{"level":"info","message":"API Gateway is running on port 3000","service":"api-gateway","timestamp":"2025-10-14T16:37:13.082Z"}
{"level":"info","message":"Auth Service is running on port http://localhost:3001","service":"api-gateway","timestamp":"2025-10-14T16:37:13.084Z"}
{"level":"info","message":"Redis Url is running on port redis://localhost:6379","service":"api-gateway","timestamp":"2025-10-14T16:37:13.084Z"}
{"level":"info","message":"API Gateway is running on port 3000","service":"api-gateway","timestamp":"2025-10-14T16:37:13.903Z"}
{"level":"info","message":"Auth Service is running on port http://localhost:3001","service":"api-gateway","timestamp":"2025-10-14T16:37:13.905Z"}
{"level":"info","message":"Redis Url is running on port redis://localhost:6379","service":"api-gateway","timestamp":"2025-10-14T16:37:13.905Z"}
{"level":"info","message":"API Gateway is running on port 3000","service":"api-gateway","timestamp":"2025-10-14T16:37:14.724Z"}
{"level":"info","message":"Auth Service is running on port http://localhost:3001","service":"api-gateway","timestamp":"2025-10-14T16:37:14.727Z"}
{"level":"info","message":"Redis Url is running on port redis://localhost:6379","service":"api-gateway","timestamp":"2025-10-14T16:37:14.727Z"}
{"level":"info","message":"API Gateway is running on port 3000","service":"api-gateway","timestamp":"2025-10-14T16:37:15.488Z"}
{"level":"info","message":"Auth Service is running on port http://localhost:3001","service":"api-gateway","timestamp":"2025-10-14T16:37:15.490Z"}
{"level":"info","message":"Redis Url is running on port redis://localhost:6379","service":"api-gateway","timestamp":"2025-10-14T16:37:15.491Z"}
{"level":"info","message":"API Gateway is running on port 3000","service":"api-gateway","timestamp":"2025-10-14T16:37:17.406Z"}
{"level":"info","message":"Auth Service is running on port http://localhost:3001","service":"api-gateway","timestamp":"2025-10-14T16:37:17.408Z"}
{"level":"info","message":"Redis Url is running on port redis://localhost:6379","service":"api-gateway","timestamp":"2025-10-14T16:37:17.409Z"}
{"level":"info","message":"API Gateway is running on port 3000","service":"api-gateway","timestamp":"2025-10-14T16:37:18.380Z"}
{"level":"info","message":"Auth Service is running on port http://localhost:3001","service":"api-gateway","timestamp":"2025-10-14T16:37:18.382Z"}
{"level":"info","message":"Redis Url is running on port redis://localhost:6379","service":"api-gateway","timestamp":"2025-10-14T16:37:18.383Z"}
{"level":"info","message":"API Gateway is running on port 3000","service":"api-gateway","timestamp":"2025-10-14T16:37:20.378Z"}
{"level":"info","message":"Auth Service is running on port http://localhost:3001","service":"api-gateway","timestamp":"2025-10-14T16:37:20.380Z"}
{"level":"info","message":"Redis Url is running on port redis://localhost:6379","service":"api-gateway","timestamp":"2025-10-14T16:37:20.380Z"}
{"level":"info","message":"API Gateway is running on port 3000","service":"api-gateway","timestamp":"2025-10-14T16:37:21.508Z"}
{"level":"info","message":"Auth Service is running on port http://localhost:3001","service":"api-gateway","timestamp":"2025-10-14T16:37:21.511Z"}
{"level":"info","message":"Redis Url is running on port redis://localhost:6379","service":"api-gateway","timestamp":"2025-10-14T16:37:21.511Z"}
{"level":"info","message":"Received POST request to /v1/auth/register","service":"api-gateway","timestamp":"2025-10-14T16:38:14.032Z"}
{"level":"info","message":"Request body, [object Object]","service":"api-gateway","timestamp":"2025-10-14T16:38:14.032Z"}
{"level":"error","message":"Proxy error: ","service":"api-gateway","timestamp":"2025-10-14T16:38:14.037Z"}
{"level":"info","message":"API Gateway is running on port 3000","service":"api-gateway","timestamp":"2025-10-14T16:41:41.018Z"}
{"level":"info","message":"Auth Service is running on port http://localhost:3001","service":"api-gateway","timestamp":"2025-10-14T16:41:41.020Z"}
{"level":"info","message":"Redis Url is running on port redis://localhost:6379","service":"api-gateway","timestamp":"2025-10-14T16:41:41.021Z"}
{"level":"info","message":"Received POST request to /v1/auth/register","service":"api-gateway","timestamp":"2025-10-14T16:41:51.079Z"}
{"level":"info","message":"Request body, [object Object]","service":"api-gateway","timestamp":"2025-10-14T16:41:51.079Z"}
{"level":"error","message":"Proxy error: ","service":"api-gateway","timestamp":"2025-10-14T16:41:51.084Z"}
{"level":"info","message":"API Gateway is running on port 3000","service":"api-gateway","timestamp":"2025-10-14T16:42:16.710Z"}
{"level":"info","message":"Auth Service is running on port http://localhost:3001","service":"api-gateway","timestamp":"2025-10-14T16:42:16.712Z"}
{"level":"info","message":"Redis Url is running on port redis://localhost:6379","service":"api-gateway","timestamp":"2025-10-14T16:42:16.713Z"}
{"level":"info","message":"Received POST request to /v1/auth/register","service":"api-gateway","timestamp":"2025-10-14T16:42:18.717Z"}
{"level":"info","message":"Request body, [object Object]","service":"api-gateway","timestamp":"2025-10-14T16:42:18.718Z"}
{"level":"error","message":"Proxy error: ","service":"api-gateway","timestamp":"2025-10-14T16:42:18.722Z"}
{"level":"info","message":"API Gateway is running on port 3000","service":"api-gateway","timestamp":"2025-10-14T16:42:30.198Z"}
{"level":"info","message":"Auth Service is running on port http://localhost:3001","service":"api-gateway","timestamp":"2025-10-14T16:42:30.201Z"}
{"level":"info","message":"Redis Url is running on port redis://localhost:6379","service":"api-gateway","timestamp":"2025-10-14T16:42:30.201Z"}
{"level":"info","message":"API Gateway is running on port 3000","service":"api-gateway","timestamp":"2025-10-14T16:42:44.530Z"}
{"level":"info","message":"Auth Service is running on port http://localhost:3001","service":"api-gateway","timestamp":"2025-10-14T16:42:44.533Z"}
{"level":"info","message":"Redis Url is running on port redis://localhost:6379","service":"api-gateway","timestamp":"2025-10-14T16:42:44.533Z"}
{"level":"info","message":"Received POST request to /v1/auth/register","service":"api-gateway","timestamp":"2025-10-14T16:42:48.990Z"}
{"level":"info","message":"Request body, [object Object]","service":"api-gateway","timestamp":"2025-10-14T16:42:48.990Z"}
{"level":"error","message":"Proxy error: ","service":"api-gateway","timestamp":"2025-10-14T16:42:48.995Z"}
{"level":"info","message":"API Gateway is running on port 3000","service":"api-gateway","timestamp":"2025-10-14T16:43:50.206Z"}
{"level":"info","message":"Auth Service is running on port http://localhost:3001","service":"api-gateway","timestamp":"2025-10-14T16:43:50.208Z"}
{"level":"info","message":"Redis Url is running on port redis://localhost:6379","service":"api-gateway","timestamp":"2025-10-14T16:43:50.208Z"}
{"level":"info","message":"API Gateway is running on port 3000","service":"api-gateway","timestamp":"2025-10-14T16:43:50.851Z"}
{"level":"info","message":"Auth Service is running on port http://localhost:3001","service":"api-gateway","timestamp":"2025-10-14T16:43:50.854Z"}
{"level":"info","message":"Redis Url is running on port redis://localhost:6379","service":"api-gateway","timestamp":"2025-10-14T16:43:50.854Z"}
{"level":"info","message":"API Gateway is running on port 3000","service":"api-gateway","timestamp":"2025-10-14T16:43:51.358Z"}
{"level":"info","message":"Auth Service is running on port http://localhost:3001","service":"api-gateway","timestamp":"2025-10-14T16:43:51.360Z"}
{"level":"info","message":"Redis Url is running on port redis://localhost:6379","service":"api-gateway","timestamp":"2025-10-14T16:43:51.360Z"}
{"level":"info","message":"Received POST request to /v1/auth/register","service":"api-gateway","timestamp":"2025-10-14T16:43:54.423Z"}
{"level":"info","message":"Request body, [object Object]","service":"api-gateway","timestamp":"2025-10-14T16:43:54.423Z"}
{"code":"ECONNREFUSED","level":"error","message":"","name":"AggregateError","originalUrl":"/v1/auth/register","service":"api-gateway","stack":"AggregateError [ECONNREFUSED]: \n    at internalConnectMultiple (node:net:1139:18)\n    at afterConnectMultiple (node:net:1712:7)","timestamp":"2025-10-14T16:43:54.428Z"}
{"level":"info","message":"API Gateway is running on port 3000","service":"api-gateway","timestamp":"2025-10-14T16:46:08.331Z"}
{"level":"info","message":"Auth Service is running on port http://localhost:3001","service":"api-gateway","timestamp":"2025-10-14T16:46:08.334Z"}
{"level":"info","message":"Redis Url is running on port redis://localhost:6379","service":"api-gateway","timestamp":"2025-10-14T16:46:08.334Z"}
{"level":"info","message":"Received POST request to /v1/auth/register","service":"api-gateway","timestamp":"2025-10-14T16:46:11.251Z"}
{"level":"info","message":"Request body, [object Object]","service":"api-gateway","timestamp":"2025-10-14T16:46:11.252Z"}
{"level":"info","message":"Response received from Auth service:201","service":"api-gateway","timestamp":"2025-10-14T16:46:11.679Z"}
{"level":"info","message":"API Gateway is running on port 3000","service":"api-gateway","timestamp":"2025-10-14T16:47:14.593Z"}
{"level":"info","message":"Auth Service is running on port http://localhost:3001","service":"api-gateway","timestamp":"2025-10-14T16:47:14.595Z"}
{"level":"info","message":"Redis Url is running on port redis://localhost:6379","service":"api-gateway","timestamp":"2025-10-14T16:47:14.595Z"}
{"level":"info","message":"API Gateway is running on port 3000","service":"api-gateway","timestamp":"2025-10-14T16:47:16.530Z"}
{"level":"info","message":"Auth Service is running on port http://localhost:3001","service":"api-gateway","timestamp":"2025-10-14T16:47:16.532Z"}
{"level":"info","message":"Redis Url is running on port redis://localhost:6379","service":"api-gateway","timestamp":"2025-10-14T16:47:16.533Z"}
{"level":"info","message":"Received POST request to /v1/auth/register","service":"api-gateway","timestamp":"2025-10-14T16:47:34.159Z"}
{"level":"info","message":"Request body, [object Object]","service":"api-gateway","timestamp":"2025-10-14T16:47:34.159Z"}
{"level":"info","message":"Response received from Auth service:201","service":"api-gateway","timestamp":"2025-10-14T16:47:34.506Z"}
{"level":"info","message":"API Gateway is running on port 3000","service":"api-gateway","timestamp":"2025-10-14T16:48:55.678Z"}
{"level":"info","message":"Auth Service is running on port http://localhost:3001","service":"api-gateway","timestamp":"2025-10-14T16:48:55.680Z"}
{"level":"info","message":"Redis Url is running on port redis://localhost:6379","service":"api-gateway","timestamp":"2025-10-14T16:48:55.681Z"}
{"level":"info","message":"API Gateway is running on port 3000","service":"api-gateway","timestamp":"2025-10-14T16:48:57.404Z"}
{"level":"info","message":"Auth Service is running on port http://localhost:3001","service":"api-gateway","timestamp":"2025-10-14T16:48:57.406Z"}
{"level":"info","message":"Redis Url is running on port redis://localhost:6379","service":"api-gateway","timestamp":"2025-10-14T16:48:57.406Z"}
{"level":"info","message":"API Gateway is running on port 3000","service":"api-gateway","timestamp":"2025-10-14T16:48:57.941Z"}
{"level":"info","message":"Auth Service is running on port http://localhost:3001","service":"api-gateway","timestamp":"2025-10-14T16:48:57.943Z"}
{"level":"info","message":"Redis Url is running on port redis://localhost:6379","service":"api-gateway","timestamp":"2025-10-14T16:48:57.944Z"}
{"level":"info","message":"Received POST request to /v1/auth/login","service":"api-gateway","timestamp":"2025-10-14T16:56:53.644Z"}
{"level":"info","message":"Request body, [object Object]","service":"api-gateway","timestamp":"2025-10-14T16:56:53.645Z"}
{"level":"info","message":"Response received from Auth service:401","service":"api-gateway","timestamp":"2025-10-14T16:56:53.837Z"}
{"level":"info","message":"Received POST request to /v1/auth/login","service":"api-gateway","timestamp":"2025-10-14T16:57:03.032Z"}
{"level":"info","message":"Request body, [object Object]","service":"api-gateway","timestamp":"2025-10-14T16:57:03.032Z"}
{"level":"info","message":"Response received from Auth service:200","service":"api-gateway","timestamp":"2025-10-14T16:57:03.315Z"}
{"level":"info","message":"API Gateway is running on port 3000","service":"api-gateway","timestamp":"2025-10-16T15:51:22.964Z"}
{"level":"info","message":"Auth Service is running on port http://localhost:3001","service":"api-gateway","timestamp":"2025-10-16T15:51:22.967Z"}
{"level":"info","message":"Post Service is running on port http://localhost:3002","service":"api-gateway","timestamp":"2025-10-16T15:51:22.967Z"}
{"level":"info","message":"Redis Url is running on port redis://localhost:6379","service":"api-gateway","timestamp":"2025-10-16T15:51:22.967Z"}
{"level":"info","message":"Received POST request to /api/posts/create-post","service":"api-gateway","timestamp":"2025-10-16T15:56:26.133Z"}
{"level":"info","message":"Request body, [object Object]","service":"api-gateway","timestamp":"2025-10-16T15:56:26.134Z"}
{"level":"info","message":"Received POST request to /api/posts/create-post","service":"api-gateway","timestamp":"2025-10-16T15:57:28.232Z"}
{"level":"info","message":"Request body, undefined","service":"api-gateway","timestamp":"2025-10-16T15:57:28.232Z"}
{"level":"info","message":"Received POST request to /api/posts/create-post","service":"api-gateway","timestamp":"2025-10-16T15:58:37.893Z"}
{"level":"info","message":"Request body, undefined","service":"api-gateway","timestamp":"2025-10-16T15:58:37.894Z"}
{"level":"info","message":"Received POST request to /api/posts/create-post","service":"api-gateway","timestamp":"2025-10-16T15:59:17.084Z"}
{"level":"info","message":"Request body, undefined","service":"api-gateway","timestamp":"2025-10-16T15:59:17.084Z"}
{"level":"info","message":"Received POST request to /v1/auth/login","service":"api-gateway","timestamp":"2025-10-16T15:59:40.185Z"}
{"level":"info","message":"Request body, [object Object]","service":"api-gateway","timestamp":"2025-10-16T15:59:40.185Z"}
{"code":"ECONNREFUSED","level":"error","message":"","name":"AggregateError","originalUrl":"/v1/auth/login","service":"api-gateway","stack":"AggregateError [ECONNREFUSED]: \n    at internalConnectMultiple (node:net:1139:18)\n    at afterConnectMultiple (node:net:1712:7)","timestamp":"2025-10-16T15:59:40.192Z"}
{"level":"info","message":"API Gateway is running on port 3000","service":"api-gateway","timestamp":"2025-10-16T16:00:32.390Z"}
{"level":"info","message":"Auth Service is running on port http://localhost:3001","service":"api-gateway","timestamp":"2025-10-16T16:00:32.392Z"}
{"level":"info","message":"Post Service is running on port http://localhost:3002","service":"api-gateway","timestamp":"2025-10-16T16:00:32.393Z"}
{"level":"info","message":"Redis Url is running on port redis://localhost:6379","service":"api-gateway","timestamp":"2025-10-16T16:00:32.393Z"}
{"level":"info","message":"Received POST request to /v1/auth/login","service":"api-gateway","timestamp":"2025-10-16T16:03:24.890Z"}
{"level":"info","message":"Request body, [object Object]","service":"api-gateway","timestamp":"2025-10-16T16:03:24.891Z"}
{"level":"info","message":"Response received from Auth service:200","service":"api-gateway","timestamp":"2025-10-16T16:03:25.186Z"}
{"level":"info","message":"Received POST request to /api/posts/create-post","service":"api-gateway","timestamp":"2025-10-16T16:03:34.563Z"}
{"level":"info","message":"Request body, undefined","service":"api-gateway","timestamp":"2025-10-16T16:03:34.563Z"}
{"level":"info","message":"Received POST request to /v1/posts/create-post","service":"api-gateway","timestamp":"2025-10-16T16:03:59.475Z"}
{"level":"info","message":"Request body, undefined","service":"api-gateway","timestamp":"2025-10-16T16:03:59.475Z"}
{"level":"warn","message":"Access attempt without valid token","service":"api-gateway","timestamp":"2025-10-16T16:03:59.476Z"}
{"level":"info","message":"Received POST request to /v1/posts/create-post","service":"api-gateway","timestamp":"2025-10-16T16:04:10.493Z"}
{"level":"info","message":"Request body, undefined","service":"api-gateway","timestamp":"2025-10-16T16:04:10.494Z"}
{"level":"info","message":"Response received from Post service:500","service":"api-gateway","timestamp":"2025-10-16T16:04:10.533Z"}
{"level":"info","message":"Received POST request to /v1/posts/create-post","service":"api-gateway","timestamp":"2025-10-16T16:07:59.876Z"}
{"level":"info","message":"Request body, [object Object]","service":"api-gateway","timestamp":"2025-10-16T16:07:59.876Z"}
{"level":"info","message":"Response received from Post service:500","service":"api-gateway","timestamp":"2025-10-16T16:07:59.885Z"}
{"level":"info","message":"Received POST request to /v1/posts/create-post","service":"api-gateway","timestamp":"2025-10-16T16:08:12.850Z"}
{"level":"info","message":"Request body, [object Object]","service":"api-gateway","timestamp":"2025-10-16T16:08:12.850Z"}
{"level":"info","message":"Response received from Post service:500","service":"api-gateway","timestamp":"2025-10-16T16:08:12.879Z"}
{"level":"info","message":"API Gateway is running on port 3000","service":"api-gateway","timestamp":"2025-10-16T16:12:19.765Z"}
{"level":"info","message":"Auth Service is running on port http://localhost:3001","service":"api-gateway","timestamp":"2025-10-16T16:12:19.768Z"}
{"level":"info","message":"Post Service is running on port http://localhost:3002","service":"api-gateway","timestamp":"2025-10-16T16:12:19.769Z"}
{"level":"info","message":"Redis Url is running on port redis://localhost:6379","service":"api-gateway","timestamp":"2025-10-16T16:12:19.769Z"}
{"level":"info","message":"API Gateway is running on port 3000","service":"api-gateway","timestamp":"2025-10-16T16:12:20.419Z"}
{"level":"info","message":"Auth Service is running on port http://localhost:3001","service":"api-gateway","timestamp":"2025-10-16T16:12:20.425Z"}
{"level":"info","message":"Post Service is running on port http://localhost:3002","service":"api-gateway","timestamp":"2025-10-16T16:12:20.427Z"}
{"level":"info","message":"Redis Url is running on port redis://localhost:6379","service":"api-gateway","timestamp":"2025-10-16T16:12:20.427Z"}
{"level":"info","message":"API Gateway is running on port 3000","service":"api-gateway","timestamp":"2025-10-16T16:12:34.305Z"}
{"level":"info","message":"Auth Service is running on port http://localhost:3001","service":"api-gateway","timestamp":"2025-10-16T16:12:34.308Z"}
{"level":"info","message":"Post Service is running on port http://localhost:3002","service":"api-gateway","timestamp":"2025-10-16T16:12:34.308Z"}
{"level":"info","message":"Redis Url is running on port redis://localhost:6379","service":"api-gateway","timestamp":"2025-10-16T16:12:34.309Z"}
{"level":"info","message":"Received POST request to /v1/posts/create-post","service":"api-gateway","timestamp":"2025-10-16T16:12:37.859Z"}
{"level":"info","message":"Request body, [object Object]","service":"api-gateway","timestamp":"2025-10-16T16:12:37.859Z"}
{"level":"info","message":"Response received from Post service:500","service":"api-gateway","timestamp":"2025-10-16T16:12:37.875Z"}
{"level":"info","message":"Received POST request to /v1/posts/create-post","service":"api-gateway","timestamp":"2025-10-16T16:12:44.314Z"}
{"level":"info","message":"Request body, [object Object]","service":"api-gateway","timestamp":"2025-10-16T16:12:44.315Z"}
{"level":"info","message":"Response received from Post service:500","service":"api-gateway","timestamp":"2025-10-16T16:12:44.353Z"}
{"level":"info","message":"API Gateway is running on port 3000","service":"api-gateway","timestamp":"2025-10-16T16:15:24.162Z"}
{"level":"info","message":"Auth Service is running on port http://localhost:3001","service":"api-gateway","timestamp":"2025-10-16T16:15:24.164Z"}
{"level":"info","message":"Post Service is running on port http://localhost:3002","service":"api-gateway","timestamp":"2025-10-16T16:15:24.165Z"}
{"level":"info","message":"Redis Url is running on port redis://localhost:6379","service":"api-gateway","timestamp":"2025-10-16T16:15:24.165Z"}
{"level":"info","message":"API Gateway is running on port 3000","service":"api-gateway","timestamp":"2025-10-16T16:15:24.769Z"}
{"level":"info","message":"Auth Service is running on port http://localhost:3001","service":"api-gateway","timestamp":"2025-10-16T16:15:24.771Z"}
{"level":"info","message":"Post Service is running on port http://localhost:3002","service":"api-gateway","timestamp":"2025-10-16T16:15:24.772Z"}
{"level":"info","message":"Redis Url is running on port redis://localhost:6379","service":"api-gateway","timestamp":"2025-10-16T16:15:24.772Z"}
