{"level":"info","message":"Identity service running one port 3001","service":"auth-service","timestamp":"2025-10-13T16:38:29.317Z"}
{"level":"info","message":"Connected to mongodb","service":"auth-service","timestamp":"2025-10-13T16:38:30.534Z"}
{"level":"info","message":"Identity service running one port 3001","service":"auth-service","timestamp":"2025-10-13T16:39:45.968Z"}
{"level":"info","message":"Connected to mongodb","service":"auth-service","timestamp":"2025-10-13T16:39:46.952Z"}
{"level":"info","message":"Identity service running one port 3001","service":"auth-service","timestamp":"2025-10-13T16:39:49.287Z"}
{"level":"info","message":"Identity service running one port 3001","service":"auth-service","timestamp":"2025-10-13T16:39:50.818Z"}
{"level":"info","message":"Identity service running one port 3001","service":"auth-service","timestamp":"2025-10-13T16:39:51.902Z"}
{"level":"info","message":"Identity service running one port 3001","service":"auth-service","timestamp":"2025-10-13T16:39:53.560Z"}
{"level":"info","message":"Connected to mongodb","service":"auth-service","timestamp":"2025-10-13T16:39:54.555Z"}
{"level":"info","message":"Identity service running one port 3001","service":"auth-service","timestamp":"2025-10-13T16:41:59.998Z"}
{"level":"info","message":"Connected to mongodb","service":"auth-service","timestamp":"2025-10-13T16:42:01.185Z"}
{"level":"info","message":"Identity service running one port 3001","service":"auth-service","timestamp":"2025-10-13T16:42:04.383Z"}
{"level":"info","message":"Identity service running one port 3001","service":"auth-service","timestamp":"2025-10-13T16:42:06.897Z"}
{"level":"info","message":"Connected to mongodb","service":"auth-service","timestamp":"2025-10-13T16:42:07.828Z"}
{"level":"info","message":"Identity service running one port 3001","service":"auth-service","timestamp":"2025-10-13T16:42:30.169Z"}
{"level":"info","message":"Connected to mongodb","service":"auth-service","timestamp":"2025-10-13T16:42:31.161Z"}
{"level":"info","message":"Received POST request to /api/auth/register","service":"auth-service","timestamp":"2025-10-13T16:42:32.119Z"}
{"level":"info","message":"Request body, [object Object]","service":"auth-service","timestamp":"2025-10-13T16:42:32.120Z"}
{"level":"info","message":"Registration endpoint hit.....","service":"auth-service","timestamp":"2025-10-13T16:42:32.124Z"}
{"0":"\"","1":"u","10":" ","11":"i","12":"s","13":" ","14":"r","15":"e","16":"q","17":"u","18":"i","19":"r","2":"s","20":"e","21":"d","3":"e","4":"r","5":"n","6":"a","7":"m","8":"e","9":"\"","level":"warn","message":"Validation error","service":"auth-service","timestamp":"2025-10-13T16:42:32.128Z"}
{"level":"info","message":"Received POST request to /api/auth/register","service":"auth-service","timestamp":"2025-10-13T16:42:38.448Z"}
{"level":"info","message":"Request body, [object Object]","service":"auth-service","timestamp":"2025-10-13T16:42:38.448Z"}
{"level":"info","message":"Registration endpoint hit.....","service":"auth-service","timestamp":"2025-10-13T16:42:38.449Z"}
{"0":"\"","1":"p","10":" ","11":"l","12":"e","13":"n","14":"g","15":"t","16":"h","17":" ","18":"m","19":"u","2":"a","20":"s","21":"t","22":" ","23":"b","24":"e","25":" ","26":"a","27":"t","28":" ","29":"l","3":"s","30":"e","31":"a","32":"s","33":"t","34":" ","35":"6","36":" ","37":"c","38":"h","39":"a","4":"s","40":"r","41":"a","42":"c","43":"t","44":"e","45":"r","46":"s","47":" ","48":"l","49":"o","5":"w","50":"n","51":"g","6":"o","7":"r","8":"d","9":"\"","level":"warn","message":"Validation error","service":"auth-service","timestamp":"2025-10-13T16:42:38.451Z"}
{"level":"info","message":"Received POST request to /api/auth/register","service":"auth-service","timestamp":"2025-10-13T16:42:45.842Z"}
{"level":"info","message":"Request body, [object Object]","service":"auth-service","timestamp":"2025-10-13T16:42:45.843Z"}
{"level":"info","message":"Registration endpoint hit.....","service":"auth-service","timestamp":"2025-10-13T16:42:45.845Z"}
{"level":"warn","message":"User already exists","service":"auth-service","timestamp":"2025-10-13T16:42:45.942Z"}
{"level":"info","message":"Received POST request to /api/auth/register","service":"auth-service","timestamp":"2025-10-13T16:43:42.230Z"}
{"level":"info","message":"Request body, [object Object]","service":"auth-service","timestamp":"2025-10-13T16:43:42.230Z"}
{"level":"info","message":"Registration endpoint hit.....","service":"auth-service","timestamp":"2025-10-13T16:43:42.231Z"}
{"level":"warn","message":"User already exists","service":"auth-service","timestamp":"2025-10-13T16:43:42.330Z"}
{"level":"info","message":"Identity service running one port 3001","service":"auth-service","timestamp":"2025-10-13T16:44:05.199Z"}
{"level":"info","message":"Connected to mongodb","service":"auth-service","timestamp":"2025-10-13T16:44:06.151Z"}
{"level":"info","message":"Identity service running one port 3001","service":"auth-service","timestamp":"2025-10-13T16:44:08.276Z"}
{"level":"info","message":"Identity service running one port 3001","service":"auth-service","timestamp":"2025-10-13T16:44:09.579Z"}
{"level":"info","message":"Identity service running one port 3001","service":"auth-service","timestamp":"2025-10-13T16:44:10.869Z"}
{"level":"info","message":"Connected to mongodb","service":"auth-service","timestamp":"2025-10-13T16:44:11.825Z"}
{"level":"info","message":"Received POST request to /api/auth/register","service":"auth-service","timestamp":"2025-10-13T16:44:15.410Z"}
{"level":"info","message":"Request body, [object Object]","service":"auth-service","timestamp":"2025-10-13T16:44:15.410Z"}
{"level":"info","message":"Registration endpoint hit.....","service":"auth-service","timestamp":"2025-10-13T16:44:15.414Z"}
{"level":"warn","message":"User already exists","service":"auth-service","timestamp":"2025-10-13T16:44:15.525Z"}
{"level":"info","message":"Identity service running one port 3001","service":"auth-service","timestamp":"2025-10-13T16:44:28.758Z"}
{"level":"info","message":"Connected to mongodb","service":"auth-service","timestamp":"2025-10-13T16:44:29.720Z"}
{"level":"info","message":"Received POST request to /api/auth/register","service":"auth-service","timestamp":"2025-10-13T16:44:30.887Z"}
{"level":"info","message":"Request body, [object Object]","service":"auth-service","timestamp":"2025-10-13T16:44:30.887Z"}
{"level":"info","message":"Registration endpoint hit.....","service":"auth-service","timestamp":"2025-10-13T16:44:30.891Z"}
{"level":"warn","message":"User already exists","service":"auth-service","timestamp":"2025-10-13T16:44:30.988Z"}
{"level":"info","message":"Identity service running one port 3001","service":"auth-service","timestamp":"2025-10-13T16:45:00.614Z"}
{"level":"info","message":"Connected to mongodb","service":"auth-service","timestamp":"2025-10-13T16:45:01.590Z"}
{"level":"info","message":"Received POST request to /api/auth/register","service":"auth-service","timestamp":"2025-10-13T16:45:04.961Z"}
{"level":"info","message":"Request body, [object Object]","service":"auth-service","timestamp":"2025-10-13T16:45:04.962Z"}
{"level":"info","message":"Registration endpoint hit.....","service":"auth-service","timestamp":"2025-10-13T16:45:04.966Z"}
{"level":"warn","message":"User already exists","service":"auth-service","timestamp":"2025-10-13T16:45:05.068Z"}
{"level":"info","message":"Received POST request to /api/auth/register","service":"auth-service","timestamp":"2025-10-13T16:45:34.496Z"}
{"level":"info","message":"Request body, [object Object]","service":"auth-service","timestamp":"2025-10-13T16:45:34.497Z"}
{"level":"info","message":"Registration endpoint hit.....","service":"auth-service","timestamp":"2025-10-13T16:45:34.498Z"}
{"level":"warn","message":"User already exists","service":"auth-service","timestamp":"2025-10-13T16:45:34.595Z"}
{"level":"info","message":"Identity service running one port 3001","service":"auth-service","timestamp":"2025-10-13T16:46:23.640Z"}
{"level":"info","message":"Connected to mongodb","service":"auth-service","timestamp":"2025-10-13T16:46:24.668Z"}
{"level":"info","message":"Received POST request to /api/auth/register","service":"auth-service","timestamp":"2025-10-13T16:46:32.903Z"}
{"level":"info","message":"Request body, [object Object]","service":"auth-service","timestamp":"2025-10-13T16:46:32.903Z"}
{"level":"info","message":"Registration endpoint hit.....","service":"auth-service","timestamp":"2025-10-13T16:46:32.908Z"}
{"level":"error","message":"Registration error occurred Assignment to constant variable.","service":"auth-service","stack":"TypeError: Assignment to constant variable.\n    at registerUser (C:\\Users\\HP\\OneDrive\\Documents\\Coding\\NodeJS\\NodeJS_Sangam Mukherjee\\Part-2\\4.Social Media MicroService\\auth-service\\src\\controllers\\auth-controller.js:40:14)\n    at process.processTicksAndRejections (node:internal/process/task_queues:105:5)","timestamp":"2025-10-13T16:46:33.019Z"}
{"level":"info","message":"Identity service running one port 3001","service":"auth-service","timestamp":"2025-10-13T16:46:58.136Z"}
{"level":"info","message":"Connected to mongodb","service":"auth-service","timestamp":"2025-10-13T16:46:59.133Z"}
{"level":"info","message":"Received POST request to /api/auth/register","service":"auth-service","timestamp":"2025-10-13T16:47:05.498Z"}
{"level":"info","message":"Request body, [object Object]","service":"auth-service","timestamp":"2025-10-13T16:47:05.498Z"}
{"level":"info","message":"Registration endpoint hit.....","service":"auth-service","timestamp":"2025-10-13T16:47:05.502Z"}
{"buffer":{"data":[104,237,45,9,188,167,91,250,38,169,1,177],"type":"Buffer"},"level":"warn","message":"User saved successfully","service":"auth-service","timestamp":"2025-10-13T16:47:05.748Z"}
{"level":"info","message":"Identity service running one port 3001","service":"auth-service","timestamp":"2025-10-13T16:47:36.829Z"}
{"level":"info","message":"Identity service running one port 3001","service":"auth-service","timestamp":"2025-10-13T16:47:37.637Z"}
{"level":"info","message":"Identity service running one port 3001","service":"auth-service","timestamp":"2025-10-13T16:47:39.289Z"}
{"level":"info","message":"Identity service running one port 3001","service":"auth-service","timestamp":"2025-10-13T16:47:40.066Z"}
{"level":"info","message":"Identity service running one port 3001","service":"auth-service","timestamp":"2025-10-13T16:47:40.846Z"}
{"level":"info","message":"Connected to mongodb","service":"auth-service","timestamp":"2025-10-13T16:47:41.830Z"}
{"level":"info","message":"Identity service running one port 3001","service":"auth-service","timestamp":"2025-10-13T16:47:43.801Z"}
{"level":"info","message":"Connected to mongodb","service":"auth-service","timestamp":"2025-10-13T16:47:44.733Z"}
{"level":"info","message":"Identity service running one port 3001","service":"auth-service","timestamp":"2025-10-13T16:47:45.848Z"}
{"level":"info","message":"Connected to mongodb","service":"auth-service","timestamp":"2025-10-13T16:47:46.810Z"}
{"level":"info","message":"Identity service running one port 3001","service":"auth-service","timestamp":"2025-10-13T16:48:11.724Z"}
{"level":"info","message":"Connected to mongodb","service":"auth-service","timestamp":"2025-10-13T16:48:12.705Z"}
{"level":"info","message":"Identity service running one port 3001","service":"auth-service","timestamp":"2025-10-13T16:48:13.499Z"}
{"level":"info","message":"Connected to mongodb","service":"auth-service","timestamp":"2025-10-13T16:48:14.479Z"}
{"level":"info","message":"Identity service running one port 3001","service":"auth-service","timestamp":"2025-10-13T16:48:16.763Z"}
{"level":"info","message":"Connected to mongodb","service":"auth-service","timestamp":"2025-10-13T16:48:17.731Z"}
{"level":"info","message":"Identity service running one port 3001","service":"auth-service","timestamp":"2025-10-13T16:48:19.367Z"}
{"level":"info","message":"Identity service running one port 3001","service":"auth-service","timestamp":"2025-10-13T16:48:20.440Z"}
{"level":"info","message":"Connected to mongodb","service":"auth-service","timestamp":"2025-10-13T16:48:21.413Z"}
{"level":"info","message":"Identity service running one port 3001","service":"auth-service","timestamp":"2025-10-13T16:48:22.365Z"}
{"level":"info","message":"Identity service running one port 3001","service":"auth-service","timestamp":"2025-10-13T16:48:23.650Z"}
{"level":"info","message":"Connected to mongodb","service":"auth-service","timestamp":"2025-10-13T16:48:24.598Z"}
{"level":"info","message":"Identity service running one port 3001","service":"auth-service","timestamp":"2025-10-13T16:48:29.901Z"}
{"level":"info","message":"Connected to mongodb","service":"auth-service","timestamp":"2025-10-13T16:48:30.869Z"}
{"level":"info","message":"Identity service running one port 3001","service":"auth-service","timestamp":"2025-10-13T16:53:58.489Z"}
{"level":"info","message":"Identity service running one port 3001","service":"auth-service","timestamp":"2025-10-13T16:53:59.680Z"}
{"level":"info","message":"Identity service running one port 3001","service":"auth-service","timestamp":"2025-10-13T16:54:02.065Z"}
{"level":"info","message":"Connected to mongodb","service":"auth-service","timestamp":"2025-10-13T16:54:03.049Z"}
{"level":"info","message":"Identity service running one port 3001","service":"auth-service","timestamp":"2025-10-13T17:28:57.842Z"}
{"level":"info","message":"Connected to mongodb","service":"auth-service","timestamp":"2025-10-13T17:28:58.827Z"}
{"level":"info","message":"Identity service running one port 3001","service":"auth-service","timestamp":"2025-10-14T16:46:01.593Z"}
{"level":"info","message":"Connected to mongodb","service":"auth-service","timestamp":"2025-10-14T16:46:02.572Z"}
{"level":"info","message":"Received POST request to /api/auth/register","service":"auth-service","timestamp":"2025-10-14T16:46:11.275Z"}
{"level":"info","message":"Request body, [object Object]","service":"auth-service","timestamp":"2025-10-14T16:46:11.275Z"}
{"level":"info","message":"Registration endpoint hit.....","service":"auth-service","timestamp":"2025-10-14T16:46:11.280Z"}
{"buffer":{"data":[104,238,126,83,94,32,187,104,178,255,229,157],"type":"Buffer"},"level":"warn","message":"User saved successfully","service":"auth-service","timestamp":"2025-10-14T16:46:11.563Z"}
{"level":"info","message":"Received POST request to /api/auth/register","service":"auth-service","timestamp":"2025-10-14T16:47:34.164Z"}
{"level":"info","message":"Request body, [object Object]","service":"auth-service","timestamp":"2025-10-14T16:47:34.164Z"}
{"level":"info","message":"Registration endpoint hit.....","service":"auth-service","timestamp":"2025-10-14T16:47:34.165Z"}
{"buffer":{"data":[104,238,126,166,94,32,187,104,178,255,229,162],"type":"Buffer"},"level":"warn","message":"User saved successfully","service":"auth-service","timestamp":"2025-10-14T16:47:34.398Z"}
{"level":"info","message":"Identity service running one port 3001","service":"auth-service","timestamp":"2025-10-14T16:53:21.546Z"}
{"level":"info","message":"Connected to mongodb","service":"auth-service","timestamp":"2025-10-14T16:53:22.541Z"}
{"level":"info","message":"Identity service running one port 3001","service":"auth-service","timestamp":"2025-10-14T16:53:25.613Z"}
{"level":"info","message":"Connected to mongodb","service":"auth-service","timestamp":"2025-10-14T16:53:26.590Z"}
{"level":"info","message":"Identity service running one port 3001","service":"auth-service","timestamp":"2025-10-14T16:55:11.073Z"}
{"level":"info","message":"Identity service running one port 3001","service":"auth-service","timestamp":"2025-10-14T16:55:12.439Z"}
{"level":"info","message":"Connected to mongodb","service":"auth-service","timestamp":"2025-10-14T16:55:13.442Z"}
{"level":"info","message":"Identity service running one port 3001","service":"auth-service","timestamp":"2025-10-14T16:55:14.223Z"}
{"level":"info","message":"Connected to mongodb","service":"auth-service","timestamp":"2025-10-14T16:55:15.189Z"}
{"level":"info","message":"Identity service running one port 3001","service":"auth-service","timestamp":"2025-10-14T16:55:17.387Z"}
{"level":"info","message":"Identity service running one port 3001","service":"auth-service","timestamp":"2025-10-14T16:55:19.461Z"}
{"level":"info","message":"Identity service running one port 3001","service":"auth-service","timestamp":"2025-10-14T16:55:20.429Z"}
{"level":"info","message":"Connected to mongodb","service":"auth-service","timestamp":"2025-10-14T16:55:21.431Z"}
{"level":"info","message":"Identity service running one port 3001","service":"auth-service","timestamp":"2025-10-14T16:55:27.386Z"}
{"level":"info","message":"Identity service running one port 3001","service":"auth-service","timestamp":"2025-10-14T16:55:28.416Z"}
{"level":"info","message":"Identity service running one port 3001","service":"auth-service","timestamp":"2025-10-14T16:55:29.394Z"}
{"level":"info","message":"Identity service running one port 3001","service":"auth-service","timestamp":"2025-10-14T16:55:30.721Z"}
{"level":"info","message":"Connected to mongodb","service":"auth-service","timestamp":"2025-10-14T16:55:31.734Z"}
{"level":"info","message":"Received POST request to /api/auth/login","service":"auth-service","timestamp":"2025-10-14T16:56:53.663Z"}
{"level":"info","message":"Request body, [object Object]","service":"auth-service","timestamp":"2025-10-14T16:56:53.663Z"}
{"level":"info","message":"Login endpoint hit....","service":"auth-service","timestamp":"2025-10-14T16:56:53.667Z"}
{"level":"warn","message":"Invalid password","service":"auth-service","timestamp":"2025-10-14T16:56:53.832Z"}
{"level":"info","message":"Received POST request to /api/auth/login","service":"auth-service","timestamp":"2025-10-14T16:57:03.034Z"}
{"level":"info","message":"Request body, [object Object]","service":"auth-service","timestamp":"2025-10-14T16:57:03.035Z"}
{"level":"info","message":"Login endpoint hit....","service":"auth-service","timestamp":"2025-10-14T16:57:03.036Z"}
{"level":"info","message":"Received POST request to /api/auth/register","service":"auth-service","timestamp":"2025-10-14T16:58:24.421Z"}
{"level":"info","message":"Request body, [object Object]","service":"auth-service","timestamp":"2025-10-14T16:58:24.422Z"}
{"level":"info","message":"Registration endpoint hit.....","service":"auth-service","timestamp":"2025-10-14T16:58:24.426Z"}
{"buffer":{"data":[104,238,129,48,161,92,204,27,77,108,245,79],"type":"Buffer"},"level":"warn","message":"User saved successfully","service":"auth-service","timestamp":"2025-10-14T16:58:24.690Z"}
{"level":"info","message":"Identity service running one port 3001","service":"auth-service","timestamp":"2025-10-14T17:01:43.983Z"}
{"level":"info","message":"Identity service running one port 3001","service":"auth-service","timestamp":"2025-10-14T17:01:45.102Z"}
{"level":"info","message":"Connected to mongodb","service":"auth-service","timestamp":"2025-10-14T17:01:46.075Z"}
{"level":"info","message":"Identity service running one port 3001","service":"auth-service","timestamp":"2025-10-14T17:01:48.112Z"}
{"level":"info","message":"Identity service running one port 3001","service":"auth-service","timestamp":"2025-10-14T17:01:50.461Z"}
{"level":"info","message":"Connected to mongodb","service":"auth-service","timestamp":"2025-10-14T17:01:51.465Z"}
{"level":"info","message":"Identity service running one port 3001","service":"auth-service","timestamp":"2025-10-14T17:01:54.123Z"}
{"level":"info","message":"Connected to mongodb","service":"auth-service","timestamp":"2025-10-14T17:01:55.158Z"}
{"level":"info","message":"Identity service running one port 3001","service":"auth-service","timestamp":"2025-10-14T17:02:07.591Z"}
{"level":"info","message":"Identity service running one port 3001","service":"auth-service","timestamp":"2025-10-14T17:02:10.154Z"}
{"level":"info","message":"Identity service running one port 3001","service":"auth-service","timestamp":"2025-10-14T17:02:11.632Z"}
{"level":"info","message":"Connected to mongodb","service":"auth-service","timestamp":"2025-10-14T17:02:12.654Z"}
{"level":"info","message":"Identity service running one port 3001","service":"auth-service","timestamp":"2025-10-14T17:02:34.858Z"}
{"level":"info","message":"Identity service running one port 3001","service":"auth-service","timestamp":"2025-10-14T17:02:36.325Z"}
{"level":"info","message":"Connected to mongodb","service":"auth-service","timestamp":"2025-10-14T17:02:37.336Z"}
{"level":"info","message":"Identity service running one port 3001","service":"auth-service","timestamp":"2025-10-14T17:02:44.984Z"}
{"level":"info","message":"Connected to mongodb","service":"auth-service","timestamp":"2025-10-14T17:02:46.120Z"}
{"level":"info","message":"Identity service running one port 3001","service":"auth-service","timestamp":"2025-10-14T17:03:10.652Z"}
{"level":"info","message":"Identity service running one port 3001","service":"auth-service","timestamp":"2025-10-14T17:03:11.428Z"}
{"level":"info","message":"Connected to mongodb","service":"auth-service","timestamp":"2025-10-14T17:03:12.412Z"}
{"level":"info","message":"Identity service running one port 3001","service":"auth-service","timestamp":"2025-10-14T17:03:18.583Z"}
{"level":"info","message":"Connected to mongodb","service":"auth-service","timestamp":"2025-10-14T17:03:19.642Z"}
{"level":"info","message":"Identity service running one port 3001","service":"auth-service","timestamp":"2025-10-14T17:04:52.607Z"}
{"level":"info","message":"Connected to mongodb","service":"auth-service","timestamp":"2025-10-14T17:04:53.630Z"}
{"level":"info","message":"Identity service running one port 3001","service":"auth-service","timestamp":"2025-10-14T17:08:02.968Z"}
{"level":"info","message":"Identity service running one port 3001","service":"auth-service","timestamp":"2025-10-14T17:08:04.627Z"}
{"level":"info","message":"Identity service running one port 3001","service":"auth-service","timestamp":"2025-10-14T17:08:05.518Z"}
{"level":"info","message":"Connected to mongodb","service":"auth-service","timestamp":"2025-10-14T17:08:06.607Z"}
{"level":"info","message":"Identity service running one port 3001","service":"auth-service","timestamp":"2025-10-14T17:08:14.754Z"}
{"level":"info","message":"Connected to mongodb","service":"auth-service","timestamp":"2025-10-14T17:08:15.731Z"}
{"level":"info","message":"Identity service running one port 3001","service":"auth-service","timestamp":"2025-10-14T17:11:11.978Z"}
{"level":"info","message":"Connected to mongodb","service":"auth-service","timestamp":"2025-10-14T17:11:13.032Z"}
{"level":"info","message":"Identity service running one port 3001","service":"auth-service","timestamp":"2025-10-16T15:59:48.412Z"}
{"cause":{"commonWireVersion":0,"compatible":true,"heartbeatFrequencyMS":10000,"localThresholdMS":15,"logicalSessionTimeoutMinutes":null,"maxElectionId":null,"maxSetVersion":null,"servers":{"ac-5xoaev6-shard-00-00.hs2ssev.mongodb.net:27017":{"$clusterTime":null,"address":"ac-5xoaev6-shard-00-00.hs2ssev.mongodb.net:27017","arbiters":[],"electionId":null,"error":{"beforeHandshake":false,"errorLabelSet":{}},"hosts":[],"iscryptd":false,"lastUpdateTime":24878150,"lastWriteDate":0,"logicalSessionTimeoutMinutes":null,"maxBsonObjectSize":null,"maxMessageSizeBytes":null,"maxWireVersion":0,"maxWriteBatchSize":null,"me":null,"minRoundTripTime":0,"minWireVersion":0,"passives":[],"primary":null,"roundTripTime":-1,"setName":null,"setVersion":null,"tags":{},"topologyVersion":null,"type":"Unknown"},"ac-5xoaev6-shard-00-01.hs2ssev.mongodb.net:27017":{"$clusterTime":null,"address":"ac-5xoaev6-shard-00-01.hs2ssev.mongodb.net:27017","arbiters":[],"electionId":null,"error":{"beforeHandshake":false,"errorLabelSet":{}},"hosts":[],"iscryptd":false,"lastUpdateTime":24878139,"lastWriteDate":0,"logicalSessionTimeoutMinutes":null,"maxBsonObjectSize":null,"maxMessageSizeBytes":null,"maxWireVersion":0,"maxWriteBatchSize":null,"me":null,"minRoundTripTime":0,"minWireVersion":0,"passives":[],"primary":null,"roundTripTime":-1,"setName":null,"setVersion":null,"tags":{},"topologyVersion":null,"type":"Unknown"},"ac-5xoaev6-shard-00-02.hs2ssev.mongodb.net:27017":{"$clusterTime":null,"address":"ac-5xoaev6-shard-00-02.hs2ssev.mongodb.net:27017","arbiters":[],"electionId":null,"error":{"beforeHandshake":false,"errorLabelSet":{}},"hosts":[],"iscryptd":false,"lastUpdateTime":24878055,"lastWriteDate":0,"logicalSessionTimeoutMinutes":null,"maxBsonObjectSize":null,"maxMessageSizeBytes":null,"maxWireVersion":0,"maxWriteBatchSize":null,"me":null,"minRoundTripTime":0,"minWireVersion":0,"passives":[],"primary":null,"roundTripTime":-1,"setName":null,"setVersion":null,"tags":{},"topologyVersion":null,"type":"Unknown"}},"setName":"atlas-137fy7-shard-0","stale":false,"type":"ReplicaSetNoPrimary"},"errorLabelSet":{},"level":"error","message":"Could not connect to any servers in your MongoDB Atlas cluster. One common reason is that you're trying to access the database from an IP that isn't whitelisted. Make sure your current IP address is on your Atlas cluster's IP whitelist: https://www.mongodb.com/docs/atlas/security-whitelist/","reason":{"commonWireVersion":0,"compatible":true,"heartbeatFrequencyMS":10000,"localThresholdMS":15,"logicalSessionTimeoutMinutes":null,"maxElectionId":null,"maxSetVersion":null,"servers":{"ac-5xoaev6-shard-00-00.hs2ssev.mongodb.net:27017":{"$clusterTime":null,"address":"ac-5xoaev6-shard-00-00.hs2ssev.mongodb.net:27017","arbiters":[],"electionId":null,"error":{"beforeHandshake":false,"errorLabelSet":{}},"hosts":[],"iscryptd":false,"lastUpdateTime":24878150,"lastWriteDate":0,"logicalSessionTimeoutMinutes":null,"maxBsonObjectSize":null,"maxMessageSizeBytes":null,"maxWireVersion":0,"maxWriteBatchSize":null,"me":null,"minRoundTripTime":0,"minWireVersion":0,"passives":[],"primary":null,"roundTripTime":-1,"setName":null,"setVersion":null,"tags":{},"topologyVersion":null,"type":"Unknown"},"ac-5xoaev6-shard-00-01.hs2ssev.mongodb.net:27017":{"$clusterTime":null,"address":"ac-5xoaev6-shard-00-01.hs2ssev.mongodb.net:27017","arbiters":[],"electionId":null,"error":{"beforeHandshake":false,"errorLabelSet":{}},"hosts":[],"iscryptd":false,"lastUpdateTime":24878139,"lastWriteDate":0,"logicalSessionTimeoutMinutes":null,"maxBsonObjectSize":null,"maxMessageSizeBytes":null,"maxWireVersion":0,"maxWriteBatchSize":null,"me":null,"minRoundTripTime":0,"minWireVersion":0,"passives":[],"primary":null,"roundTripTime":-1,"setName":null,"setVersion":null,"tags":{},"topologyVersion":null,"type":"Unknown"},"ac-5xoaev6-shard-00-02.hs2ssev.mongodb.net:27017":{"$clusterTime":null,"address":"ac-5xoaev6-shard-00-02.hs2ssev.mongodb.net:27017","arbiters":[],"electionId":null,"error":{"beforeHandshake":false,"errorLabelSet":{}},"hosts":[],"iscryptd":false,"lastUpdateTime":24878055,"lastWriteDate":0,"logicalSessionTimeoutMinutes":null,"maxBsonObjectSize":null,"maxMessageSizeBytes":null,"maxWireVersion":0,"maxWriteBatchSize":null,"me":null,"minRoundTripTime":0,"minWireVersion":0,"passives":[],"primary":null,"roundTripTime":-1,"setName":null,"setVersion":null,"tags":{},"topologyVersion":null,"type":"Unknown"}},"setName":"atlas-137fy7-shard-0","stale":false,"type":"ReplicaSetNoPrimary"},"service":"auth-service","stack":"MongooseServerSelectionError: Could not connect to any servers in your MongoDB Atlas cluster. One common reason is that you're trying to access the database from an IP that isn't whitelisted. Make sure your current IP address is on your Atlas cluster's IP whitelist: https://www.mongodb.com/docs/atlas/security-whitelist/\n    at _handleConnectionErrors (C:\\Users\\HP\\OneDrive\\Documents\\Coding\\NodeJS\\NodeJS_Sangam Mukherjee\\Part-2\\4.Social Media MicroService\\auth-service\\node_modules\\mongoose\\lib\\connection.js:1165:11)\n    at NativeConnection.openUri (C:\\Users\\HP\\OneDrive\\Documents\\Coding\\NodeJS\\NodeJS_Sangam Mukherjee\\Part-2\\4.Social Media MicroService\\auth-service\\node_modules\\mongoose\\lib\\connection.js:1096:11)","timestamp":"2025-10-16T16:00:18.466Z"}
{"level":"info","message":"Identity service running one port 3001","service":"auth-service","timestamp":"2025-10-16T16:03:08.362Z"}
{"level":"info","message":"Connected to mongodb","service":"auth-service","timestamp":"2025-10-16T16:03:09.374Z"}
{"level":"info","message":"Received POST request to /api/auth/login","service":"auth-service","timestamp":"2025-10-16T16:03:24.915Z"}
{"level":"info","message":"Request body, [object Object]","service":"auth-service","timestamp":"2025-10-16T16:03:24.916Z"}
{"level":"info","message":"Login endpoint hit....","service":"auth-service","timestamp":"2025-10-16T16:03:24.918Z"}
{"level":"info","message":"Identity service running one port 3001","service":"auth-service","timestamp":"2025-10-16T16:37:08.189Z"}
{"level":"info","message":"Connected to mongodb","service":"auth-service","timestamp":"2025-10-16T16:37:09.351Z"}
{"level":"info","message":"Identity service running one port 3001","service":"auth-service","timestamp":"2025-10-16T16:37:11.904Z"}
{"level":"info","message":"Connected to mongodb","service":"auth-service","timestamp":"2025-10-16T16:37:12.916Z"}
{"level":"info","message":"Identity service running one port 3001","service":"auth-service","timestamp":"2025-10-16T16:37:14.550Z"}
{"level":"info","message":"Identity service running one port 3001","service":"auth-service","timestamp":"2025-10-16T16:37:16.070Z"}
{"level":"info","message":"Connected to mongodb","service":"auth-service","timestamp":"2025-10-16T16:37:17.124Z"}
{"level":"info","message":"Identity service running one port 3001","service":"auth-service","timestamp":"2025-10-16T16:37:17.955Z"}
{"level":"info","message":"Identity service running one port 3001","service":"auth-service","timestamp":"2025-10-16T16:37:19.644Z"}
{"level":"info","message":"Identity service running one port 3001","service":"auth-service","timestamp":"2025-10-16T16:37:20.587Z"}
{"level":"info","message":"Identity service running one port 3001","service":"auth-service","timestamp":"2025-10-16T16:37:21.760Z"}
{"level":"info","message":"Connected to mongodb","service":"auth-service","timestamp":"2025-10-16T16:37:22.784Z"}
{"level":"info","message":"Received POST request to /api/auth/login","service":"auth-service","timestamp":"2025-10-16T17:14:05.400Z"}
{"level":"info","message":"Request body, [object Object]","service":"auth-service","timestamp":"2025-10-16T17:14:05.401Z"}
{"level":"info","message":"Login endpoint hit....","service":"auth-service","timestamp":"2025-10-16T17:14:05.404Z"}
{"level":"info","message":"Identity service running one port 3001","service":"auth-service","timestamp":"2025-10-17T04:40:58.695Z"}
{"level":"info","message":"Connected to mongodb","service":"auth-service","timestamp":"2025-10-17T04:40:59.780Z"}
{"level":"info","message":"Received POST request to /api/auth/login","service":"auth-service","timestamp":"2025-10-17T04:41:35.517Z"}
{"level":"info","message":"Request body, [object Object]","service":"auth-service","timestamp":"2025-10-17T04:41:35.517Z"}
{"level":"info","message":"Login endpoint hit....","service":"auth-service","timestamp":"2025-10-17T04:41:35.521Z"}
{"level":"info","message":"Identity service running one port 3001","service":"auth-service","timestamp":"2025-10-17T10:32:02.657Z"}
{"level":"info","message":"Connected to mongodb","service":"auth-service","timestamp":"2025-10-17T10:32:03.648Z"}
{"level":"info","message":"Received POST request to /api/auth/login","service":"auth-service","timestamp":"2025-10-17T10:50:49.708Z"}
{"level":"info","message":"Request body, [object Object]","service":"auth-service","timestamp":"2025-10-17T10:50:49.708Z"}
{"level":"info","message":"Login endpoint hit....","service":"auth-service","timestamp":"2025-10-17T10:50:49.713Z"}
{"level":"info","message":"Identity service running one port 3001","service":"auth-service","timestamp":"2025-10-17T16:15:41.145Z"}
{"level":"info","message":"Connected to mongodb","service":"auth-service","timestamp":"2025-10-17T16:15:42.127Z"}
{"level":"info","message":"Received POST request to /api/auth/login","service":"auth-service","timestamp":"2025-10-17T16:15:59.681Z"}
{"level":"info","message":"Request body, [object Object]","service":"auth-service","timestamp":"2025-10-17T16:15:59.682Z"}
{"level":"info","message":"Login endpoint hit....","service":"auth-service","timestamp":"2025-10-17T16:15:59.689Z"}
{"level":"info","message":"Identity service running one port 3001","service":"auth-service","timestamp":"2025-10-17T17:10:53.326Z"}
{"level":"info","message":"Connected to mongodb","service":"auth-service","timestamp":"2025-10-17T17:10:54.305Z"}
{"level":"info","message":"Identity service running one port 3001","service":"auth-service","timestamp":"2025-10-18T16:51:59.127Z"}
{"level":"info","message":"Connected to mongodb","service":"auth-service","timestamp":"2025-10-18T16:52:00.130Z"}
{"level":"info","message":"Received POST request to /api/auth/login","service":"auth-service","timestamp":"2025-10-18T16:52:05.471Z"}
{"level":"info","message":"Request body, [object Object]","service":"auth-service","timestamp":"2025-10-18T16:52:05.471Z"}
{"level":"info","message":"Login endpoint hit....","service":"auth-service","timestamp":"2025-10-18T16:52:05.487Z"}
{"level":"info","message":"Received POST request to /api/auth/login","service":"auth-service","timestamp":"2025-10-18T17:36:31.415Z"}
{"level":"info","message":"Request body, [object Object]","service":"auth-service","timestamp":"2025-10-18T17:36:31.415Z"}
{"level":"info","message":"Login endpoint hit....","service":"auth-service","timestamp":"2025-10-18T17:36:31.417Z"}
{"level":"info","message":"Identity service running one port 3001","service":"auth-service","timestamp":"2025-10-18T18:13:24.454Z"}
{"level":"info","message":"Connected to mongodb","service":"auth-service","timestamp":"2025-10-18T18:13:25.412Z"}
{"level":"info","message":"Identity service running one port 3001","service":"auth-service","timestamp":"2025-10-19T04:40:10.707Z"}
{"level":"info","message":"Connected to mongodb","service":"auth-service","timestamp":"2025-10-19T04:40:11.689Z"}
{"level":"info","message":"Received POST request to /api/auth/login","service":"auth-service","timestamp":"2025-10-19T05:07:33.471Z"}
{"level":"info","message":"Request body, [object Object]","service":"auth-service","timestamp":"2025-10-19T05:07:33.472Z"}
{"level":"info","message":"Login endpoint hit....","service":"auth-service","timestamp":"2025-10-19T05:07:33.476Z"}
{"level":"info","message":"Identity service running one port 3001","service":"auth-service","timestamp":"2025-10-19T05:57:30.091Z"}
{"level":"info","message":"Connected to mongodb","service":"auth-service","timestamp":"2025-10-19T05:57:31.152Z"}
{"level":"info","message":"Received POST request to /api/auth/login","service":"auth-service","timestamp":"2025-10-19T05:57:41.521Z"}
{"level":"info","message":"Request body, [object Object]","service":"auth-service","timestamp":"2025-10-19T05:57:41.522Z"}
{"level":"info","message":"Login endpoint hit....","service":"auth-service","timestamp":"2025-10-19T05:57:41.527Z"}
{"level":"info","message":"Identity service running one port 3001","service":"auth-service","timestamp":"2025-10-31T17:08:53.406Z"}
{"level":"info","message":"Connected to mongodb","service":"auth-service","timestamp":"2025-10-31T17:08:55.138Z"}
{"level":"info","message":"Identity service running one port 3001","service":"auth-service","timestamp":"2025-10-31T17:18:51.685Z"}
{"level":"info","message":"Connected to mongodb","service":"auth-service","timestamp":"2025-10-31T17:18:52.609Z"}
{"level":"info","message":"Received POST request to /api/auth/login","service":"auth-service","timestamp":"2025-10-31T17:19:45.434Z"}
{"level":"info","message":"Request body, [object Object]","service":"auth-service","timestamp":"2025-10-31T17:19:45.434Z"}
{"level":"info","message":"Login endpoint hit....","service":"auth-service","timestamp":"2025-10-31T17:19:45.439Z"}
{"level":"info","message":"Identity service running one port 3001","service":"auth-service","timestamp":"2025-10-31T17:21:54.184Z"}
{"level":"info","message":"Connected to mongodb","service":"auth-service","timestamp":"2025-10-31T17:21:55.313Z"}
{"level":"info","message":"Identity service running one port 3001","service":"auth-service","timestamp":"2025-10-31T17:21:58.938Z"}
{"level":"info","message":"Connected to mongodb","service":"auth-service","timestamp":"2025-10-31T17:22:00.110Z"}
{"level":"info","message":"Identity service running one port 3001","service":"auth-service","timestamp":"2025-10-31T17:22:02.724Z"}
{"level":"info","message":"Identity service running one port 3001","service":"auth-service","timestamp":"2025-10-31T17:22:03.927Z"}
{"level":"info","message":"Connected to mongodb","service":"auth-service","timestamp":"2025-10-31T17:22:04.934Z"}
{"level":"info","message":"Received POST request to /api/auth/login","service":"auth-service","timestamp":"2025-10-31T17:22:09.832Z"}
{"level":"info","message":"Request body, [object Object]","service":"auth-service","timestamp":"2025-10-31T17:22:09.832Z"}
{"level":"info","message":"Login endpoint hit....","service":"auth-service","timestamp":"2025-10-31T17:22:09.838Z"}
{"level":"info","message":"Received GET request to /api/auth/refresh-token","service":"auth-service","timestamp":"2025-10-31T17:22:53.029Z"}
{"level":"info","message":"Request body, [object Object]","service":"auth-service","timestamp":"2025-10-31T17:22:53.029Z"}
{"level":"info","message":"Received POST request to /api/auth/refresh-token","service":"auth-service","timestamp":"2025-10-31T17:23:18.621Z"}
{"level":"info","message":"Request body, [object Object]","service":"auth-service","timestamp":"2025-10-31T17:23:18.621Z"}
{"level":"info","message":"Refresh token endpoint hit.....","service":"auth-service","timestamp":"2025-10-31T17:23:18.622Z"}
{"level":"info","message":"Received POST request to /api/auth/logout","service":"auth-service","timestamp":"2025-10-31T17:25:55.596Z"}
{"level":"info","message":"Request body, [object Object]","service":"auth-service","timestamp":"2025-10-31T17:25:55.596Z"}
{"level":"info","message":"Logout endpoint hit","service":"auth-service","timestamp":"2025-10-31T17:25:55.597Z"}
{"level":"info","message":"Refresh token deleted for logout","service":"auth-service","timestamp":"2025-10-31T17:25:55.744Z"}
{"level":"info","message":"Identity service running one port 3001","service":"auth-service","timestamp":"2025-10-31T17:27:49.601Z"}
{"level":"info","message":"Connected to mongodb","service":"auth-service","timestamp":"2025-10-31T17:27:50.936Z"}
